#
# A fatal error has been detected by the Java Runtime Environment:
#
#  Internal Error (./open/src/hotspot/share/oops/generateOopMap.cpp:2164), pid=7428, tid=27896
#  fatal error: Illegal class file encountered. Try running with -Xverify:all in method getByCodeAndPeriodYearAndAreaType
#
# JRE version: Java(TM) SE Runtime Environment 18.9 (11.0.16+11) (build 11.0.16+11-LTS-199)
# Java VM: Java HotSpot(TM) 64-Bit Server VM 18.9 (11.0.16+11-LTS-199, mixed mode, tiered, compressed oops, g1 gc, windows-amd64)
# No core dump will be written. Minidumps are not enabled by default on client versions of Windows
#
# If you would like to submit a bug report, please visit:
#   https://bugreport.java.com/bugreport/crash.jsp
#

---------------  S U M M A R Y ------------

Command Line: -Dprogram.name=standalone.bat -agentlib:jdwp=transport=dt_socket,address=127.0.0.1:56823,suspend=y,server=n -javaagent:C:\Users\SALAZART\AppData\Local\JetBrains\IntelliJIdea2022.2\captureAgent\debugger-agent.jar --add-exports=java.base/sun.nio.ch=ALL-UNNAMED --add-exports=jdk.unsupported/sun.misc=ALL-UNNAMED --add-exports=jdk.unsupported/sun.reflect=ALL-UNNAMED -Dorg.jboss.boot.log.file=D:\proyectos\OSMOSYS_2023\wildfly-17.0.1.Final\standalone\log\server.log -Dlogging.configuration=file:D:\proyectos\OSMOSYS_2023\wildfly-17.0.1.Final\standalone\configuration/logging.properties D:\proyectos\OSMOSYS_2023\wildfly-17.0.1.Final\jboss-modules.jar -mp D:\proyectos\OSMOSYS_2023\wildfly-17.0.1.Final\modules org.jboss.as.standalone -Djboss.home.dir=D:\proyectos\OSMOSYS_2023\wildfly-17.0.1.Final

Host: AMD Ryzen 7 PRO 5850U with Radeon Graphics     , 16 cores, 30G,  Windows 10 , 64 bit Build 19041 (10.0.19041.2364)
Time: Tue Dec 27 09:36:57 2022 SA Pacific Standard Time elapsed time: 4729.810124 seconds (0d 1h 18m 49s)

---------------  T H R E A D  ---------------

Current thread (0x000001c173389000):  VMThread "VM Thread" [stack: 0x000000975e800000,0x000000975e900000] [id=27896]

Stack: [0x000000975e800000,0x000000975e900000]
[error occurred during error reporting (printing stack bounds), id 0xc0000005, EXCEPTION_ACCESS_VIOLATION (0xc0000005) at pc=0x000001c14dbb0f2d]

Native frames: (J=compiled Java code, j=interpreted, Vv=VM code, C=native code)
V  [jvm.dll+0x62a3ea]
V  [jvm.dll+0x76418f]
V  [jvm.dll+0x765839]
V  [jvm.dll+0x765e25]
V  [jvm.dll+0x765ddb]
V  [jvm.dll+0x6298d3]
V  [jvm.dll+0x629fe8]
C  [ntdll.dll+0xa241f]
C  [ntdll.dll+0x514a4]
C  [ntdll.dll+0xa0f4e]
C  0x000001c14dbb0f2d

VM_Operation (0x000000975f6ff440): GetOrSetLocal, mode: safepoint, requested by thread 0x000001c17383d800


---------------  P R O C E S S  ---------------

Threads class SMR info:
_java_thread_list=0x000001c17edc2480, length=175, elements={
0x000001c17338a000, 0x000001c17338b000, 0x000001c173420000, 0x000001c173420800,
0x000001c1733c8800, 0x000001c1733cb000, 0x000001c173429800, 0x000001c1733d4000,
0x000001c173586000, 0x000001c17383d800, 0x000001c1737d4000, 0x000001c1737d5800,
0x000001c17392a000, 0x000001c176550800, 0x000001c174dfd800, 0x000001c176612000,
0x000001c176fe7800, 0x000001c174daa000, 0x000001c1735f2800, 0x000001c1735f3800,
0x000001c1735f4800, 0x000001c176643000, 0x000001c176646800, 0x000001c176641800,
0x000001c176eaa000, 0x000001c176eac800, 0x000001c17bc94800, 0x000001c17bc98800,
0x000001c17bc99000, 0x000001c17bc93800, 0x000001c17bc9b000, 0x000001c17bc9d800,
0x000001c17bc9e000, 0x000001c17bc9c800, 0x000001c17bc9b800, 0x000001c17bc9f000,
0x000001c17bca0000, 0x000001c17bc9a000, 0x000001c17bca0800, 0x000001c17bca1800,
0x000001c17bca2000, 0x000001c17c91c000, 0x000001c17c91d000, 0x000001c17c91f800,
0x000001c17c919800, 0x000001c17c91e000, 0x000001c17c91a800, 0x000001c17c91b800,
0x000001c17c920800, 0x000001c17c921000, 0x000001c17c922000, 0x000001c17c922800,
0x000001c17c924800, 0x000001c17c923800, 0x000001c17c91e800, 0x000001c17c925000,
0x000001c17c927000, 0x000001c17c926000, 0x000001c17c928800, 0x000001c17c927800,
0x000001c17c831800, 0x000001c17c82f800, 0x000001c17c830800, 0x000001c17c832000,
0x000001c17c833000, 0x000001c17c82d800, 0x000001c17c82f000, 0x000001c17c82e000,
0x000001c17c835800, 0x000001c17c838800, 0x000001c17c834800, 0x000001c17c836800,
0x000001c17c837000, 0x000001c17c838000, 0x000001c17c839800, 0x000001c17c834000,
0x000001c17c83a800, 0x000001c17c83b000, 0x000001c17c83c000, 0x000001c17bb6a000,
0x000001c17bb6b800, 0x000001c17bb67800, 0x000001c17bb68000, 0x000001c17bb66800,
0x000001c17bb69000, 0x000001c17bb6a800, 0x000001c17bb66000, 0x000001c17bb6c800,
0x000001c17bb6f000, 0x000001c17bb70800, 0x000001c17bb73000, 0x000001c17bb6e000,
0x000001c17bb71000, 0x000001c17bb6d000, 0x000001c17bb74800, 0x000001c17bb73800,
0x000001c17bb6f800, 0x000001c17bb72000, 0x000001c17bb76000, 0x000001c17bb77800,
0x000001c17bb7a800, 0x000001c17bb7b800, 0x000001c17bb79000, 0x000001c17bb78000,
0x000001c17bb7a000, 0x000001c17bb7c800, 0x000001c17bb76800, 0x000001c17bb7d000,
0x000001c17bb81000, 0x000001c17bb83800, 0x000001c17bb7f800, 0x000001c17bb7e000,
0x000001c17bb82000, 0x000001c17bb84800, 0x000001c17bb7f000, 0x000001c17bb80800,
0x000001c17bb83000, 0x000001c17eabc000, 0x000001c17eabc800, 0x000001c17eab8800,
0x000001c17eabb000, 0x000001c17eab9800, 0x000001c17eabd800, 0x000001c17eab8000,
0x000001c17eabf000, 0x000001c17eabe800, 0x000001c17eac0000, 0x000001c17eaba000,
0x000001c17eac0800, 0x000001c17eac2800, 0x000001c17eac3000, 0x000001c17eac5000,
0x000001c17eac4000, 0x000001c17eac5800, 0x000001c17eac6800, 0x000001c17eac7800,
0x000001c17eac1800, 0x000001c17eaca800, 0x000001c17eac9800, 0x000001c17eacb800,
0x000001c17eacc000, 0x000001c17eac8000, 0x000001c17eace800, 0x000001c17ead0000,
0x000001c17ead2000, 0x000001c10466f000, 0x000001c104670800, 0x000001c10466f800,
0x000001c104676800, 0x000001c104675800, 0x000001c104674800, 0x000001c104677000,
0x000001c104678000, 0x000001c104672000, 0x000001c104678800, 0x000001c104673000,
0x000001c10467c000, 0x000001c10467e800, 0x000001c10467d000, 0x000001c10467a800,
0x000001c10467d800, 0x000001c10467b000, 0x000001c10467f000, 0x000001c104679800,
0x000001c17adb6000, 0x000001c17adb0000, 0x000001c17adac000, 0x000001c17adad000,
0x000001c17adae800, 0x000001c17adad800, 0x000001c17adaf000, 0x000001c17ada9800,
0x000001c17adb1800, 0x000001c17adb3800, 0x000001c17adb6800
}

Java Threads: ( => current thread )
  0x000001c17338a000 JavaThread "Reference Handler" daemon [_thread_blocked, id=13072, stack(0x000000975e900000,0x000000975ea00000)]
  0x000001c17338b000 JavaThread "Finalizer" daemon [_thread_blocked, id=684, stack(0x000000975ea00000,0x000000975eb00000)]
  0x000001c173420000 JavaThread "Signal Dispatcher" daemon [_thread_blocked, id=21024, stack(0x000000975eb00000,0x000000975ec00000)]
  0x000001c173420800 JavaThread "Attach Listener" daemon [_thread_blocked, id=26736, stack(0x000000975ec00000,0x000000975ed00000)]
  0x000001c1733c8800 JavaThread "Service Thread" daemon [_thread_blocked, id=29272, stack(0x000000975ed00000,0x000000975ee00000)]
  0x000001c1733cb000 JavaThread "C2 CompilerThread0" daemon [_thread_blocked, id=20992, stack(0x000000975ee00000,0x000000975ef00000)]
  0x000001c173429800 JavaThread "C1 CompilerThread0" daemon [_thread_blocked, id=10924, stack(0x000000975ef00000,0x000000975f000000)]
  0x000001c1733d4000 JavaThread "Sweeper thread" daemon [_thread_blocked, id=13516, stack(0x000000975f000000,0x000000975f100000)]
  0x000001c173586000 JavaThread "Common-Cleaner" daemon [_thread_blocked, id=15404, stack(0x000000975f100000,0x000000975f200000)]
  0x000001c17383d800 JavaThread "JDWP Transport Listener: dt_socket" daemon [_thread_blocked, id=22060, stack(0x000000975f600000,0x000000975f700000)] _threads_hazard_ptr=0x000001c17edc2480
  0x000001c1737d4000 JavaThread "JDWP Event Helper Thread" daemon [_thread_blocked, id=14324, stack(0x000000975f700000,0x000000975f800000)]
  0x000001c1737d5800 JavaThread "JDWP Command Reader" daemon [_thread_in_native, id=23772, stack(0x000000975f800000,0x000000975f900000)]
  0x000001c17392a000 JavaThread "Reference Reaper" daemon [_thread_blocked, id=26976, stack(0x000000975fa00000,0x000000975fb00000)]
  0x000001c176550800 JavaThread "MSC service thread 1-1" [_thread_blocked, id=29192, stack(0x0000009760800000,0x0000009760900000)]
  0x000001c174dfd800 JavaThread "MSC service thread 1-2" [_thread_blocked, id=3444, stack(0x0000009760900000,0x0000009760a00000)]
  0x000001c176612000 JavaThread "MSC service thread 1-3" [_thread_blocked, id=11008, stack(0x0000009760a00000,0x0000009760b00000)]
  0x000001c176fe7800 JavaThread "MSC service thread 1-4" [_thread_blocked, id=24088, stack(0x0000009760b00000,0x0000009760c00000)]
  0x000001c174daa000 JavaThread "MSC service thread 1-5" [_thread_blocked, id=22548, stack(0x0000009760c00000,0x0000009760d00000)]
  0x000001c1735f2800 JavaThread "MSC service thread 1-6" [_thread_blocked, id=22712, stack(0x0000009760d00000,0x0000009760e00000)]
  0x000001c1735f3800 JavaThread "MSC service thread 1-7" [_thread_blocked, id=12328, stack(0x0000009760e00000,0x0000009760f00000)]
  0x000001c1735f4800 JavaThread "MSC service thread 1-8" [_thread_blocked, id=10884, stack(0x0000009760f00000,0x0000009761000000)]
  0x000001c176643000 JavaThread "ServerDeploymentRepository-temp-threads - 1" daemon [_thread_blocked, id=18780, stack(0x0000009761000000,0x0000009761100000)]
  0x000001c176646800 JavaThread "DestroyJavaVM" [_thread_blocked, id=31696, stack(0x000000975e200000,0x000000975e300000)]
  0x000001c176641800 JavaThread "ServerService Thread Pool -- 1" [_thread_blocked, id=10620, stack(0x0000009761300000,0x0000009761400000)]
  0x000001c176eaa000 JavaThread "DeploymentScanner-threads - 1" [_thread_blocked, id=21852, stack(0x0000009763c00000,0x0000009763d00000)]
  0x000001c176eac800 JavaThread "ServerService Thread Pool -- 40" [_thread_blocked, id=22068, stack(0x0000009763e00000,0x0000009763f00000)]
  0x000001c17bc94800 JavaThread "Timer-0" [_thread_blocked, id=15208, stack(0x0000009766200000,0x0000009766300000)]
  0x000001c17bc98800 JavaThread "ConnectionValidator" daemon [_thread_blocked, id=5148, stack(0x0000009766300000,0x0000009766400000)]
  0x000001c17bc99000 JavaThread "IdleRemover" daemon [_thread_blocked, id=22488, stack(0x0000009766400000,0x0000009766500000)]
  0x000001c17bc93800 JavaThread "Timer-1" [_thread_blocked, id=24852, stack(0x0000009766800000,0x0000009766900000)]
  0x000001c17bc9b000 JavaThread "management I/O-1" [_thread_in_native, id=31660, stack(0x0000009766700000,0x0000009766800000)]
  0x000001c17bc9d800 JavaThread "management I/O-2" [_thread_in_native, id=2364, stack(0x0000009766900000,0x0000009766a00000)]
  0x000001c17bc9e000 JavaThread "management Accept" [_thread_in_native, id=24468, stack(0x0000009766a00000,0x0000009766b00000)]
  0x000001c17bc9c800 JavaThread "Transaction Expired Entry Monitor" daemon [_thread_blocked, id=22872, stack(0x0000009766b00000,0x0000009766c00000)]
  0x000001c17bc9b800 JavaThread "Periodic Recovery" [_thread_blocked, id=8572, stack(0x0000009766c00000,0x0000009766d00000)]
  0x000001c17bc9f000 JavaThread "default I/O-1" [_thread_in_native, id=28124, stack(0x0000009766d00000,0x0000009766e00000)]
  0x000001c17bca0000 JavaThread "default I/O-2" [_thread_in_native, id=26920, stack(0x0000009766e00000,0x0000009766f00000)]
  0x000001c17bc9a000 JavaThread "default I/O-3" [_thread_in_native, id=27744, stack(0x0000009766f00000,0x0000009767000000)]
  0x000001c17bca0800 JavaThread "default I/O-4" [_thread_in_native, id=29156, stack(0x0000009767000000,0x0000009767100000)]
  0x000001c17bca1800 JavaThread "default I/O-5" [_thread_in_native, id=10148, stack(0x0000009767100000,0x0000009767200000)]
  0x000001c17bca2000 JavaThread "default I/O-6" [_thread_in_native, id=26564, stack(0x0000009767200000,0x0000009767300000)]
  0x000001c17c91c000 JavaThread "default I/O-7" [_thread_in_native, id=19344, stack(0x0000009767300000,0x0000009767400000)]
  0x000001c17c91d000 JavaThread "default I/O-8" [_thread_in_native, id=23320, stack(0x0000009767400000,0x0000009767500000)]
  0x000001c17c91f800 JavaThread "default I/O-9" [_thread_in_native, id=21260, stack(0x0000009767500000,0x0000009767600000)]
  0x000001c17c919800 JavaThread "default I/O-10" [_thread_in_native, id=9940, stack(0x0000009767600000,0x0000009767700000)]
  0x000001c17c91e000 JavaThread "default I/O-11" [_thread_in_native, id=28588, stack(0x0000009767700000,0x0000009767800000)]
  0x000001c17c91a800 JavaThread "default I/O-12" [_thread_in_native, id=18672, stack(0x0000009767800000,0x0000009767900000)]
  0x000001c17c91b800 JavaThread "default I/O-13" [_thread_in_native, id=4872, stack(0x0000009767900000,0x0000009767a00000)]
  0x000001c17c920800 JavaThread "default I/O-14" [_thread_in_native, id=26084, stack(0x0000009767a00000,0x0000009767b00000)]
  0x000001c17c921000 JavaThread "default I/O-15" [_thread_in_native, id=31072, stack(0x0000009767b00000,0x0000009767c00000)]
  0x000001c17c922000 JavaThread "default I/O-16" [_thread_in_native, id=19064, stack(0x0000009767c00000,0x0000009767d00000)]
  0x000001c17c922800 JavaThread "default I/O-17" [_thread_in_native, id=19324, stack(0x0000009767d00000,0x0000009767e00000)]
  0x000001c17c924800 JavaThread "default I/O-18" [_thread_in_native, id=11432, stack(0x0000009767e00000,0x0000009767f00000)]
  0x000001c17c923800 JavaThread "default I/O-19" [_thread_in_native, id=29384, stack(0x0000009767f00000,0x0000009768000000)]
  0x000001c17c91e800 JavaThread "default I/O-20" [_thread_in_native, id=30812, stack(0x0000009768000000,0x0000009768100000)]
  0x000001c17c925000 JavaThread "default I/O-21" [_thread_in_native, id=29684, stack(0x0000009768100000,0x0000009768200000)]
  0x000001c17c927000 JavaThread "default I/O-22" [_thread_in_native, id=2060, stack(0x0000009768200000,0x0000009768300000)]
  0x000001c17c926000 JavaThread "default I/O-23" [_thread_in_native, id=25932, stack(0x0000009768300000,0x0000009768400000)]
  0x000001c17c928800 JavaThread "default I/O-24" [_thread_in_native, id=25580, stack(0x0000009768400000,0x0000009768500000)]
  0x000001c17c927800 JavaThread "default I/O-25" [_thread_in_native, id=26000, stack(0x0000009768500000,0x0000009768600000)]
  0x000001c17c831800 JavaThread "default I/O-26" [_thread_in_native, id=23476, stack(0x0000009768600000,0x0000009768700000)]
  0x000001c17c82f800 JavaThread "default I/O-27" [_thread_in_native, id=26648, stack(0x0000009768700000,0x0000009768800000)]
  0x000001c17c830800 JavaThread "default I/O-28" [_thread_in_native, id=28024, stack(0x0000009768800000,0x0000009768900000)]
  0x000001c17c832000 JavaThread "default I/O-29" [_thread_in_native, id=24464, stack(0x0000009768900000,0x0000009768a00000)]
  0x000001c17c833000 JavaThread "default I/O-30" [_thread_in_native, id=22380, stack(0x0000009768a00000,0x0000009768b00000)]
  0x000001c17c82d800 JavaThread "default I/O-31" [_thread_in_native, id=8512, stack(0x0000009768b00000,0x0000009768c00000)]
  0x000001c17c82f000 JavaThread "default I/O-32" [_thread_in_native, id=28236, stack(0x0000009768c00000,0x0000009768d00000)]
  0x000001c17c82e000 JavaThread "default I/O-33" [_thread_in_native, id=30476, stack(0x0000009768d00000,0x0000009768e00000)]
  0x000001c17c835800 JavaThread "default I/O-34" [_thread_in_native, id=27480, stack(0x0000009768e00000,0x0000009768f00000)]
  0x000001c17c838800 JavaThread "default I/O-35" [_thread_in_native, id=2076, stack(0x0000009768f00000,0x0000009769000000)]
  0x000001c17c834800 JavaThread "default I/O-36" [_thread_in_native, id=27388, stack(0x0000009769000000,0x0000009769100000)]
  0x000001c17c836800 JavaThread "default I/O-37" [_thread_in_native, id=22836, stack(0x0000009769100000,0x0000009769200000)]
  0x000001c17c837000 JavaThread "default I/O-38" [_thread_in_native, id=25968, stack(0x0000009769200000,0x0000009769300000)]
  0x000001c17c838000 JavaThread "default I/O-39" [_thread_in_native, id=8004, stack(0x0000009769300000,0x0000009769400000)]
  0x000001c17c839800 JavaThread "default I/O-40" [_thread_in_native, id=10348, stack(0x0000009769400000,0x0000009769500000)]
  0x000001c17c834000 JavaThread "default I/O-41" [_thread_in_native, id=22652, stack(0x0000009769500000,0x0000009769600000)]
  0x000001c17c83a800 JavaThread "default I/O-42" [_thread_in_native, id=31632, stack(0x0000009769600000,0x0000009769700000)]
  0x000001c17c83b000 JavaThread "default I/O-43" [_thread_in_native, id=28164, stack(0x0000009769700000,0x0000009769800000)]
  0x000001c17c83c000 JavaThread "default I/O-44" [_thread_in_native, id=28712, stack(0x0000009769800000,0x0000009769900000)]
  0x000001c17bb6a000 JavaThread "default I/O-45" [_thread_in_native, id=16916, stack(0x0000009769900000,0x0000009769a00000)]
  0x000001c17bb6b800 JavaThread "default I/O-46" [_thread_in_native, id=22280, stack(0x0000009769a00000,0x0000009769b00000)]
  0x000001c17bb67800 JavaThread "default I/O-47" [_thread_in_native, id=24128, stack(0x0000009769b00000,0x0000009769c00000)]
  0x000001c17bb68000 JavaThread "default I/O-48" [_thread_in_native, id=31488, stack(0x0000009769c00000,0x0000009769d00000)]
  0x000001c17bb66800 JavaThread "default I/O-49" [_thread_in_native, id=26604, stack(0x0000009769d00000,0x0000009769e00000)]
  0x000001c17bb69000 JavaThread "default I/O-50" [_thread_in_native, id=5024, stack(0x0000009769e00000,0x0000009769f00000)]
  0x000001c17bb6a800 JavaThread "default I/O-51" [_thread_in_native, id=29408, stack(0x0000009769f00000,0x000000976a000000)]
  0x000001c17bb66000 JavaThread "default I/O-52" [_thread_in_native, id=23740, stack(0x000000976a000000,0x000000976a100000)]
  0x000001c17bb6c800 JavaThread "default I/O-53" [_thread_in_native, id=25772, stack(0x000000976a100000,0x000000976a200000)]
  0x000001c17bb6f000 JavaThread "default I/O-54" [_thread_in_native, id=13764, stack(0x000000976a200000,0x000000976a300000)]
  0x000001c17bb70800 JavaThread "default I/O-55" [_thread_in_native, id=10364, stack(0x000000976a300000,0x000000976a400000)]
  0x000001c17bb73000 JavaThread "default I/O-56" [_thread_in_native, id=31524, stack(0x000000976a400000,0x000000976a500000)]
  0x000001c17bb6e000 JavaThread "default I/O-57" [_thread_in_native, id=28568, stack(0x000000976a500000,0x000000976a600000)]
  0x000001c17bb71000 JavaThread "default I/O-58" [_thread_in_native, id=5180, stack(0x000000976a600000,0x000000976a700000)]
  0x000001c17bb6d000 JavaThread "default I/O-59" [_thread_in_native, id=15228, stack(0x000000976a700000,0x000000976a800000)]
  0x000001c17bb74800 JavaThread "default I/O-60" [_thread_in_native, id=28032, stack(0x000000976a800000,0x000000976a900000)]
  0x000001c17bb73800 JavaThread "default I/O-61" [_thread_in_native, id=19048, stack(0x000000976a900000,0x000000976aa00000)]
  0x000001c17bb6f800 JavaThread "default I/O-62" [_thread_in_native, id=27612, stack(0x000000976aa00000,0x000000976ab00000)]
  0x000001c17bb72000 JavaThread "default I/O-63" [_thread_in_native, id=28548, stack(0x000000976ab00000,0x000000976ac00000)]
  0x000001c17bb76000 JavaThread "default I/O-64" [_thread_in_native, id=2864, stack(0x000000976ac00000,0x000000976ad00000)]
  0x000001c17bb77800 JavaThread "default I/O-65" [_thread_in_native, id=22132, stack(0x000000976ad00000,0x000000976ae00000)]
  0x000001c17bb7a800 JavaThread "default I/O-66" [_thread_in_native, id=18760, stack(0x000000976ae00000,0x000000976af00000)]
  0x000001c17bb7b800 JavaThread "default I/O-67" [_thread_in_native, id=31340, stack(0x000000976af00000,0x000000976b000000)]
  0x000001c17bb79000 JavaThread "default I/O-68" [_thread_in_native, id=15076, stack(0x000000976b000000,0x000000976b100000)]
  0x000001c17bb78000 JavaThread "default I/O-69" [_thread_in_native, id=11828, stack(0x000000976b100000,0x000000976b200000)]
  0x000001c17bb7a000 JavaThread "default I/O-70" [_thread_in_native, id=27664, stack(0x000000976b200000,0x000000976b300000)]
  0x000001c17bb7c800 JavaThread "default I/O-71" [_thread_in_native, id=22204, stack(0x000000976b300000,0x000000976b400000)]
  0x000001c17bb76800 JavaThread "default I/O-72" [_thread_in_native, id=24656, stack(0x000000976b400000,0x000000976b500000)]
  0x000001c17bb7d000 JavaThread "default I/O-73" [_thread_in_native, id=21816, stack(0x000000976b500000,0x000000976b600000)]
  0x000001c17bb81000 JavaThread "default I/O-74" [_thread_in_native, id=920, stack(0x000000976b600000,0x000000976b700000)]
  0x000001c17bb83800 JavaThread "default I/O-75" [_thread_in_native, id=22752, stack(0x000000976b700000,0x000000976b800000)]
  0x000001c17bb7f800 JavaThread "default I/O-76" [_thread_in_native, id=29380, stack(0x000000976b800000,0x000000976b900000)]
  0x000001c17bb7e000 JavaThread "default I/O-77" [_thread_in_native, id=19852, stack(0x000000976b900000,0x000000976ba00000)]
  0x000001c17bb82000 JavaThread "Transaction Reaper" daemon [_thread_blocked, id=6768, stack(0x000000976ba00000,0x000000976bb00000)]
  0x000001c17bb84800 JavaThread "default I/O-78" [_thread_in_native, id=25752, stack(0x000000976bb00000,0x000000976bc00000)]
  0x000001c17bb7f000 JavaThread "Transaction Reaper Worker 0" daemon [_thread_blocked, id=22804, stack(0x000000976bc00000,0x000000976bd00000)]
  0x000001c17bb80800 JavaThread "default I/O-79" [_thread_in_native, id=19260, stack(0x000000976bd00000,0x000000976be00000)]
  0x000001c17bb83000 JavaThread "default I/O-80" [_thread_in_native, id=12068, stack(0x000000976be00000,0x000000976bf00000)]
  0x000001c17eabc000 JavaThread "default I/O-81" [_thread_in_native, id=22328, stack(0x000000976bf00000,0x000000976c000000)]
  0x000001c17eabc800 JavaThread "default I/O-82" [_thread_in_native, id=3960, stack(0x000000976c000000,0x000000976c100000)]
  0x000001c17eab8800 JavaThread "default I/O-83" [_thread_in_native, id=29148, stack(0x000000976c100000,0x000000976c200000)]
  0x000001c17eabb000 JavaThread "default I/O-84" [_thread_in_native, id=25084, stack(0x000000976c200000,0x000000976c300000)]
  0x000001c17eab9800 JavaThread "default I/O-85" [_thread_in_native, id=21268, stack(0x000000976c300000,0x000000976c400000)]
  0x000001c17eabd800 JavaThread "default I/O-86" [_thread_in_native, id=12576, stack(0x000000976c400000,0x000000976c500000)]
  0x000001c17eab8000 JavaThread "default I/O-87" [_thread_in_native, id=26744, stack(0x000000976c500000,0x000000976c600000)]
  0x000001c17eabf000 JavaThread "default I/O-88" [_thread_in_native, id=27280, stack(0x000000976c600000,0x000000976c700000)]
  0x000001c17eabe800 JavaThread "default I/O-89" [_thread_in_native, id=20288, stack(0x000000976c700000,0x000000976c800000)]
  0x000001c17eac0000 JavaThread "default I/O-90" [_thread_in_native, id=21912, stack(0x000000976c800000,0x000000976c900000)]
  0x000001c17eaba000 JavaThread "default I/O-91" [_thread_in_native, id=18960, stack(0x000000976c900000,0x000000976ca00000)]
  0x000001c17eac0800 JavaThread "default I/O-92" [_thread_in_native, id=3260, stack(0x000000976ca00000,0x000000976cb00000)]
  0x000001c17eac2800 JavaThread "default I/O-93" [_thread_in_native, id=9380, stack(0x000000976cb00000,0x000000976cc00000)]
  0x000001c17eac3000 JavaThread "default I/O-94" [_thread_in_native, id=21428, stack(0x000000976cc00000,0x000000976cd00000)]
  0x000001c17eac5000 JavaThread "default I/O-95" [_thread_in_native, id=10480, stack(0x000000976cd00000,0x000000976ce00000)]
  0x000001c17eac4000 JavaThread "default I/O-96" [_thread_in_native, id=8252, stack(0x000000976ce00000,0x000000976cf00000)]
  0x000001c17eac5800 JavaThread "default I/O-97" [_thread_in_native, id=19640, stack(0x000000976cf00000,0x000000976d000000)]
  0x000001c17eac6800 JavaThread "default I/O-98" [_thread_in_native, id=24268, stack(0x000000976d000000,0x000000976d100000)]
  0x000001c17eac7800 JavaThread "default I/O-99" [_thread_in_native, id=27752, stack(0x000000976d100000,0x000000976d200000)]
  0x000001c17eac1800 JavaThread "default I/O-100" [_thread_in_native, id=28148, stack(0x000000976d200000,0x000000976d300000)]
  0x000001c17eaca800 JavaThread "default Accept" [_thread_in_native, id=13140, stack(0x000000976d300000,0x000000976d400000)]
  0x000001c17eac9800 JavaThread "XNIO-1 I/O-1" daemon [_thread_in_native, id=20628, stack(0x000000976d400000,0x000000976d500000)]
  0x000001c17eacb800 JavaThread "XNIO-1 Accept" daemon [_thread_in_native, id=27720, stack(0x000000976d500000,0x000000976d600000)]
  0x000001c17eacc000 JavaThread "DeploymentScanner-threads - 2" [_thread_blocked, id=23764, stack(0x000000975f200000,0x000000975f300000)]
  0x000001c17eac8000 JavaThread "SecurityDomain ThreadGroup - 1" [_thread_blocked, id=9576, stack(0x000000975f400000,0x000000975f500000)]
  0x000001c17eace800 JavaThread "management task-1" [_thread_blocked, id=1264, stack(0x0000009760400000,0x0000009760500000)]
  0x000001c17ead0000 JavaThread "ServerService Thread Pool -- 77" [_thread_blocked, id=19004, stack(0x000000976d900000,0x000000976da00000)]
  0x000001c17ead2000 JavaThread "expiration-thread--p5-t1" daemon [_thread_blocked, id=24676, stack(0x000000976e500000,0x000000976e600000)]
  0x000001c10466f000 JavaThread "ForkJoinPool.commonPool-worker-11" daemon [_thread_blocked, id=18516, stack(0x0000009770400000,0x0000009770500000)]
  0x000001c104670800 JavaThread "ServerService Thread Pool -- 132" [_thread_blocked, id=29880, stack(0x0000009770800000,0x0000009770900000)]
  0x000001c10466f800 JavaThread "Weld Thread Pool -- 1" [_thread_blocked, id=14936, stack(0x0000009761200000,0x0000009761300000)]
  0x000001c104676800 JavaThread "Weld Thread Pool -- 2" [_thread_blocked, id=2976, stack(0x000000976da00000,0x000000976db00000)]
  0x000001c104675800 JavaThread "Weld Thread Pool -- 3" [_thread_blocked, id=27540, stack(0x000000976db00000,0x000000976dc00000)]
  0x000001c104674800 JavaThread "Weld Thread Pool -- 4" [_thread_blocked, id=28716, stack(0x000000976dc00000,0x000000976dd00000)]
  0x000001c104677000 JavaThread "Weld Thread Pool -- 5" [_thread_blocked, id=26932, stack(0x000000976de00000,0x000000976df00000)]
  0x000001c104678000 JavaThread "Weld Thread Pool -- 6" [_thread_blocked, id=26488, stack(0x000000976e700000,0x000000976e800000)]
  0x000001c104672000 JavaThread "Weld Thread Pool -- 7" [_thread_blocked, id=24372, stack(0x000000976e800000,0x000000976e900000)]
  0x000001c104678800 JavaThread "Weld Thread Pool -- 8" [_thread_blocked, id=3200, stack(0x000000976e900000,0x000000976ea00000)]
  0x000001c104673000 JavaThread "Weld Thread Pool -- 9" [_thread_blocked, id=28412, stack(0x000000976ea00000,0x000000976eb00000)]
  0x000001c10467c000 JavaThread "Weld Thread Pool -- 10" [_thread_blocked, id=25556, stack(0x000000976eb00000,0x000000976ec00000)]
  0x000001c10467e800 JavaThread "Weld Thread Pool -- 11" [_thread_blocked, id=4896, stack(0x000000976ec00000,0x000000976ed00000)]
  0x000001c10467d000 JavaThread "Weld Thread Pool -- 12" [_thread_blocked, id=976, stack(0x000000976ed00000,0x000000976ee00000)]
  0x000001c10467a800 JavaThread "Weld Thread Pool -- 13" [_thread_blocked, id=26724, stack(0x000000976ee00000,0x000000976ef00000)]
  0x000001c10467d800 JavaThread "Weld Thread Pool -- 14" [_thread_blocked, id=2172, stack(0x000000976ef00000,0x000000976f000000)]
  0x000001c10467b000 JavaThread "Weld Thread Pool -- 15" [_thread_blocked, id=2028, stack(0x000000976f000000,0x000000976f100000)]
  0x000001c10467f000 JavaThread "Weld Thread Pool -- 16" [_thread_blocked, id=30772, stack(0x000000976f100000,0x000000976f200000)]
  0x000001c104679800 JavaThread "Weld Thread Pool -- 17" [_thread_blocked, id=5436, stack(0x000000976f200000,0x000000976f300000)]
  0x000001c17adb6000 JavaThread "FileSystemWatchService" daemon [_thread_in_native, id=27120, stack(0x0000009774b00000,0x0000009774c00000)]
  0x000001c17adb0000 JavaThread "xnio-file-watcher[Watcher for D:\proyectos\OSMOSYS_2023\backend\target\osmosys_backend-3.0\]-0" daemon [_thread_blocked, id=4848, stack(0x0000009774c00000,0x0000009774d00000)]
  0x000001c17adac000 JavaThread "jaeger.RemoteReporter-QueueProcessor" daemon [_thread_blocked, id=18628, stack(0x000000976f500000,0x000000976f600000)]
  0x000001c17adad000 JavaThread "jaeger.RemoteReporter-FlushTimer" daemon [_thread_blocked, id=26832, stack(0x000000976f600000,0x000000976f700000)]
  0x000001c17adae800 JavaThread "Timer-3" daemon [_thread_blocked, id=31284, stack(0x000000976f700000,0x000000976f800000)]
  0x000001c17adad800 JavaThread "default task-1" [_thread_blocked, id=15884, stack(0x0000009770a00000,0x0000009770b00000)]
  0x000001c17adaf000 JavaThread "default task-2" [_thread_blocked, id=548, stack(0x000000975df00000,0x000000975e000000)]
  0x000001c17ada9800 JavaThread "default task-3" [_thread_blocked, id=7908, stack(0x000000975e000000,0x000000975e100000)]
  0x000001c17adb1800 JavaThread "default task-4" [_thread_blocked, id=30948, stack(0x000000975e100000,0x000000975e200000)]
  0x000001c17adb3800 JavaThread "default task-5" [_thread_blocked, id=31036, stack(0x0000009760500000,0x0000009760600000)]
  0x000001c17adb6800 JavaThread "default task-6" [_thread_blocked, id=28108, stack(0x0000009761100000,0x0000009761200000)]

Other Threads:
=>0x000001c173389000 VMThread "VM Thread" [stack: 0x000000975e800000,0x000000975e900000] [id=27896]
  0x000001c17384d000 WatcherThread [stack: 0x000000975f900000,0x000000975fa00000] [id=11212]
  0x000001c146515800 GCTaskThread "GC Thread#0" [stack: 0x000000975e300000,0x000000975e400000] [id=23812]
  0x000001c174883000 GCTaskThread "GC Thread#1" [stack: 0x000000975f500000,0x000000975f600000] [id=28736]
  0x000001c174883800 GCTaskThread "GC Thread#2" [stack: 0x000000975fb00000,0x000000975fc00000] [id=23632]
  0x000001c174884800 GCTaskThread "GC Thread#3" [stack: 0x000000975fc00000,0x000000975fd00000] [id=18852]
  0x000001c174886000 GCTaskThread "GC Thread#4" [stack: 0x000000975fd00000,0x000000975fe00000] [id=18784]
  0x000001c174886800 GCTaskThread "GC Thread#5" [stack: 0x000000975fe00000,0x000000975ff00000] [id=16388]
  0x000001c174853800 GCTaskThread "GC Thread#6" [stack: 0x000000975ff00000,0x0000009760000000] [id=13028]
  0x000001c174855000 GCTaskThread "GC Thread#7" [stack: 0x0000009760000000,0x0000009760100000] [id=30548]
  0x000001c174856000 GCTaskThread "GC Thread#8" [stack: 0x0000009760100000,0x0000009760200000] [id=24896]
  0x000001c17485e800 GCTaskThread "GC Thread#9" [stack: 0x0000009760200000,0x0000009760300000] [id=25440]
  0x000001c17485f000 GCTaskThread "GC Thread#10" [stack: 0x0000009760300000,0x0000009760400000] [id=30308]
  0x000001c17744d000 GCTaskThread "GC Thread#11" [stack: 0x0000009763700000,0x0000009763800000] [id=27140]
  0x000001c17744c000 GCTaskThread "GC Thread#12" [stack: 0x0000009763800000,0x0000009763900000] [id=28984]
  0x000001c146592000 ConcurrentGCThread "G1 Main Marker" [stack: 0x000000975e400000,0x000000975e500000] [id=31116]
  0x000001c146593800 ConcurrentGCThread "G1 Conc#0" [stack: 0x000000975e500000,0x000000975e600000] [id=25124]
  0x000001c174e00800 ConcurrentGCThread "G1 Conc#1" [stack: 0x0000009760600000,0x0000009760700000] [id=15292]
  0x000001c174ebe000 ConcurrentGCThread "G1 Conc#2" [stack: 0x0000009760700000,0x0000009760800000] [id=27912]
  0x000001c1729ee000 ConcurrentGCThread "G1 Refine#0" [stack: 0x000000975e600000,0x000000975e700000] [id=2224]
  0x000001c177447800 ConcurrentGCThread "G1 Refine#1" [stack: 0x0000009766600000,0x0000009766700000] [id=29460]
  0x000001c17744a800 ConcurrentGCThread "G1 Refine#2" [stack: 0x000000976d600000,0x000000976d700000] [id=25092]
  0x000001c177448800 ConcurrentGCThread "G1 Refine#3" [stack: 0x000000976d700000,0x000000976d800000] [id=27444]
  0x000001c177449000 ConcurrentGCThread "G1 Refine#4" [stack: 0x000000976d800000,0x000000976d900000] [id=31672]
  0x000001c1729f0800 ConcurrentGCThread "G1 Young RemSet Sampling" [stack: 0x000000975e700000,0x000000975e800000] [id=3808]

Threads with active compile tasks:
C2 CompilerThread0  4729825 23935       4       org.apache.xerces.impl.XMLEntityScanner::skipString (207 bytes)

VM state:at safepoint (normal execution)

VM Mutex/Monitor currently owned by a thread:  ([mutex/lock_event])
[0x000001c1464fd9d0] Threads_lock - owner thread: 0x000001c173389000

Heap address: 0x0000000612c00000, size: 7892 MB, Compressed Oops mode: Zero based, Oop shift amount: 3
Narrow klass base: 0x0000000800000000, Narrow klass shift: 0
Compressed class space size: 1073741824 Address: 0x0000000800000000

Heap:
 garbage-first heap   total 608256K, used 435653K [0x0000000612c00000, 0x0000000800000000)
  region size 2048K, 112 young (229376K), 8 survivors (16384K)
 Metaspace       used 178231K, capacity 191583K, committed 191720K, reserved 1214464K
  class space    used 21965K, capacity 26417K, committed 26528K, reserved 1048576K
Heap Regions: E=young(eden), S=young(survivor), O=old, HS=humongous(starts), HC=humongous(continues), CS=collection set, F=free, A=archive, TAMS=top-at-mark-start (previous, next)
|   0|0x0000000612c00000, 0x0000000612e00000, 0x0000000612e00000|100%| O|  |TAMS 0x0000000612e00000, 0x0000000612c00000| Untracked 
|   1|0x0000000612e00000, 0x0000000613000000, 0x0000000613000000|100%| O|  |TAMS 0x0000000613000000, 0x0000000612e00000| Untracked 
|   2|0x0000000613000000, 0x0000000613200000, 0x0000000613200000|100%| O|  |TAMS 0x0000000613200000, 0x0000000613000000| Untracked 
|   3|0x0000000613200000, 0x0000000613400000, 0x0000000613400000|100%| O|  |TAMS 0x0000000613400000, 0x0000000613200000| Untracked 
|   4|0x0000000613400000, 0x0000000613600000, 0x0000000613600000|100%| O|  |TAMS 0x0000000613600000, 0x0000000613400000| Untracked 
|   5|0x0000000613600000, 0x0000000613800000, 0x0000000613800000|100%| O|  |TAMS 0x0000000613800000, 0x0000000613600000| Untracked 
|   6|0x0000000613800000, 0x0000000613a00000, 0x0000000613a00000|100%| O|  |TAMS 0x0000000613a00000, 0x0000000613800000| Untracked 
|   7|0x0000000613a00000, 0x0000000613c00000, 0x0000000613c00000|100%| O|  |TAMS 0x0000000613c00000, 0x0000000613a00000| Untracked 
|   8|0x0000000613c00000, 0x0000000613e00000, 0x0000000613e00000|100%| O|  |TAMS 0x0000000613e00000, 0x0000000613c00000| Untracked 
|   9|0x0000000613e00000, 0x0000000614000000, 0x0000000614000000|100%| O|  |TAMS 0x0000000614000000, 0x0000000613e00000| Untracked 
|  10|0x0000000614000000, 0x0000000614200000, 0x0000000614200000|100%| O|  |TAMS 0x0000000614200000, 0x0000000614000000| Untracked 
|  11|0x0000000614200000, 0x0000000614400000, 0x0000000614400000|100%| O|  |TAMS 0x0000000614400000, 0x0000000614200000| Untracked 
|  12|0x0000000614400000, 0x0000000614600000, 0x0000000614600000|100%| O|  |TAMS 0x0000000614600000, 0x0000000614400000| Untracked 
|  13|0x0000000614600000, 0x0000000614800000, 0x0000000614800000|100%| O|  |TAMS 0x0000000614800000, 0x0000000614600000| Untracked 
|  14|0x0000000614800000, 0x0000000614a00000, 0x0000000614a00000|100%| O|  |TAMS 0x0000000614a00000, 0x0000000614800000| Untracked 
|  15|0x0000000614a00000, 0x0000000614c00000, 0x0000000614c00000|100%| O|  |TAMS 0x0000000614c00000, 0x0000000614a00000| Untracked 
|  16|0x0000000614c00000, 0x0000000614e00000, 0x0000000614e00000|100%| O|  |TAMS 0x0000000614e00000, 0x0000000614c00000| Untracked 
|  17|0x0000000614e00000, 0x0000000615000000, 0x0000000615000000|100%| O|  |TAMS 0x0000000615000000, 0x0000000614e00000| Untracked 
|  18|0x0000000615000000, 0x0000000615200000, 0x0000000615200000|100%| O|  |TAMS 0x0000000615200000, 0x0000000615000000| Untracked 
|  19|0x0000000615200000, 0x0000000615400000, 0x0000000615400000|100%| O|  |TAMS 0x0000000615400000, 0x0000000615200000| Untracked 
|  20|0x0000000615400000, 0x0000000615600000, 0x0000000615600000|100%| O|  |TAMS 0x0000000615600000, 0x0000000615400000| Untracked 
|  21|0x0000000615600000, 0x0000000615800000, 0x0000000615800000|100%| O|  |TAMS 0x0000000615800000, 0x0000000615600000| Untracked 
|  22|0x0000000615800000, 0x0000000615a00000, 0x0000000615a00000|100%| O|  |TAMS 0x0000000615a00000, 0x0000000615800000| Untracked 
|  23|0x0000000615a00000, 0x0000000615c00000, 0x0000000615c00000|100%| O|  |TAMS 0x0000000615c00000, 0x0000000615a00000| Untracked 
|  24|0x0000000615c00000, 0x0000000615e00000, 0x0000000615e00000|100%| O|  |TAMS 0x0000000615e00000, 0x0000000615c00000| Untracked 
|  25|0x0000000615e00000, 0x0000000616000000, 0x0000000616000000|100%| O|  |TAMS 0x0000000616000000, 0x0000000615e00000| Untracked 
|  26|0x0000000616000000, 0x0000000616200000, 0x0000000616200000|100%| O|  |TAMS 0x0000000616200000, 0x0000000616000000| Untracked 
|  27|0x0000000616200000, 0x0000000616400000, 0x0000000616400000|100%| O|  |TAMS 0x0000000616400000, 0x0000000616200000| Untracked 
|  28|0x0000000616400000, 0x0000000616600000, 0x0000000616600000|100%| O|  |TAMS 0x0000000616600000, 0x0000000616400000| Untracked 
|  29|0x0000000616600000, 0x0000000616800000, 0x0000000616800000|100%| O|  |TAMS 0x0000000616800000, 0x0000000616600000| Untracked 
|  30|0x0000000616800000, 0x0000000616a00000, 0x0000000616a00000|100%| O|  |TAMS 0x0000000616a00000, 0x0000000616800000| Untracked 
|  31|0x0000000616a00000, 0x0000000616c00000, 0x0000000616c00000|100%| O|  |TAMS 0x0000000616c00000, 0x0000000616a00000| Untracked 
|  32|0x0000000616c00000, 0x0000000616e00000, 0x0000000616e00000|100%| O|  |TAMS 0x0000000616e00000, 0x0000000616c00000| Untracked 
|  33|0x0000000616e00000, 0x0000000617000000, 0x0000000617000000|100%| O|  |TAMS 0x0000000617000000, 0x0000000616e00000| Untracked 
|  34|0x0000000617000000, 0x0000000617200000, 0x0000000617200000|100%| O|  |TAMS 0x0000000617200000, 0x0000000617000000| Untracked 
|  35|0x0000000617200000, 0x0000000617400000, 0x0000000617400000|100%| O|  |TAMS 0x0000000617400000, 0x0000000617200000| Untracked 
|  36|0x0000000617400000, 0x0000000617600000, 0x0000000617600000|100%| O|  |TAMS 0x0000000617600000, 0x0000000617400000| Untracked 
|  37|0x0000000617600000, 0x0000000617800000, 0x0000000617800000|100%| O|  |TAMS 0x0000000617800000, 0x0000000617600000| Untracked 
|  38|0x0000000617800000, 0x0000000617a00000, 0x0000000617a00000|100%| O|  |TAMS 0x0000000617a00000, 0x0000000617800000| Untracked 
|  39|0x0000000617a00000, 0x0000000617c00000, 0x0000000617c00000|100%| O|  |TAMS 0x0000000617c00000, 0x0000000617a00000| Untracked 
|  40|0x0000000617c00000, 0x0000000617e00000, 0x0000000617e00000|100%| O|  |TAMS 0x0000000617ddd400, 0x0000000617c00000| Untracked 
|  41|0x0000000617e00000, 0x0000000618000000, 0x0000000618000000|100%| O|  |TAMS 0x0000000617e00000, 0x0000000617e00000| Untracked 
|  42|0x0000000618000000, 0x0000000618200000, 0x0000000618200000|100%| O|  |TAMS 0x0000000618000000, 0x0000000618000000| Untracked 
|  43|0x0000000618200000, 0x0000000618400000, 0x0000000618400000|100%| O|  |TAMS 0x0000000618200000, 0x0000000618200000| Untracked 
|  44|0x0000000618400000, 0x0000000618600000, 0x0000000618600000|100%| O|  |TAMS 0x0000000618400000, 0x0000000618400000| Untracked 
|  45|0x0000000618600000, 0x0000000618800000, 0x0000000618800000|100%| O|  |TAMS 0x0000000618600000, 0x0000000618600000| Untracked 
|  46|0x0000000618800000, 0x0000000618a00000, 0x0000000618a00000|100%| O|  |TAMS 0x0000000618800000, 0x0000000618800000| Untracked 
|  47|0x0000000618a00000, 0x0000000618c00000, 0x0000000618c00000|100%| O|  |TAMS 0x0000000618a00000, 0x0000000618a00000| Untracked 
|  48|0x0000000618c00000, 0x0000000618e00000, 0x0000000618e00000|100%| O|  |TAMS 0x0000000618c00000, 0x0000000618c00000| Untracked 
|  49|0x0000000618e00000, 0x0000000619000000, 0x0000000619000000|100%| O|  |TAMS 0x0000000618e00000, 0x0000000618e00000| Untracked 
|  50|0x0000000619000000, 0x0000000619200000, 0x0000000619200000|100%| O|  |TAMS 0x0000000619000000, 0x0000000619000000| Untracked 
|  51|0x0000000619200000, 0x0000000619400000, 0x0000000619400000|100%| O|  |TAMS 0x0000000619200000, 0x0000000619200000| Untracked 
|  52|0x0000000619400000, 0x0000000619600000, 0x0000000619600000|100%| O|  |TAMS 0x0000000619400000, 0x0000000619400000| Untracked 
|  53|0x0000000619600000, 0x0000000619800000, 0x0000000619800000|100%| O|  |TAMS 0x0000000619600000, 0x0000000619600000| Untracked 
|  54|0x0000000619800000, 0x0000000619a00000, 0x0000000619a00000|100%| O|  |TAMS 0x0000000619800000, 0x0000000619800000| Untracked 
|  55|0x0000000619a00000, 0x0000000619c00000, 0x0000000619c00000|100%| O|  |TAMS 0x0000000619a00000, 0x0000000619a00000| Untracked 
|  56|0x0000000619c00000, 0x0000000619e00000, 0x0000000619e00000|100%| O|  |TAMS 0x0000000619c00000, 0x0000000619c00000| Untracked 
|  57|0x0000000619e00000, 0x000000061a000000, 0x000000061a000000|100%| O|  |TAMS 0x0000000619e00000, 0x0000000619e00000| Untracked 
|  58|0x000000061a000000, 0x000000061a200000, 0x000000061a200000|100%| O|  |TAMS 0x000000061a000000, 0x000000061a000000| Untracked 
|  59|0x000000061a200000, 0x000000061a400000, 0x000000061a400000|100%| O|  |TAMS 0x000000061a200000, 0x000000061a200000| Untracked 
|  60|0x000000061a400000, 0x000000061a600000, 0x000000061a600000|100%| O|  |TAMS 0x000000061a400000, 0x000000061a400000| Untracked 
|  61|0x000000061a600000, 0x000000061a800000, 0x000000061a800000|100%| O|  |TAMS 0x000000061a600000, 0x000000061a600000| Untracked 
|  62|0x000000061a800000, 0x000000061aa00000, 0x000000061aa00000|100%| O|  |TAMS 0x000000061a800000, 0x000000061a800000| Untracked 
|  63|0x000000061aa00000, 0x000000061ac00000, 0x000000061ac00000|100%| O|  |TAMS 0x000000061aa00000, 0x000000061aa00000| Untracked 
|  64|0x000000061ac00000, 0x000000061ae00000, 0x000000061ae00000|100%| O|  |TAMS 0x000000061ac00000, 0x000000061ac00000| Untracked 
|  65|0x000000061ae00000, 0x000000061b000000, 0x000000061b000000|100%| O|  |TAMS 0x000000061ae00000, 0x000000061ae00000| Untracked 
|  66|0x000000061b000000, 0x000000061b200000, 0x000000061b200000|100%| O|  |TAMS 0x000000061b000000, 0x000000061b000000| Untracked 
|  67|0x000000061b200000, 0x000000061b400000, 0x000000061b400000|100%| O|  |TAMS 0x000000061b200000, 0x000000061b200000| Untracked 
|  68|0x000000061b400000, 0x000000061b600000, 0x000000061b600000|100%| O|  |TAMS 0x000000061b400000, 0x000000061b400000| Untracked 
|  69|0x000000061b600000, 0x000000061b800000, 0x000000061b800000|100%| O|  |TAMS 0x000000061b600000, 0x000000061b600000| Untracked 
|  70|0x000000061b800000, 0x000000061ba00000, 0x000000061ba00000|100%| O|  |TAMS 0x000000061b800000, 0x000000061b800000| Untracked 
|  71|0x000000061ba00000, 0x000000061bc00000, 0x000000061bc00000|100%| O|  |TAMS 0x000000061ba00000, 0x000000061ba00000| Untracked 
|  72|0x000000061bc00000, 0x000000061be00000, 0x000000061be00000|100%| O|  |TAMS 0x000000061bc00000, 0x000000061bc00000| Untracked 
|  73|0x000000061be00000, 0x000000061c000000, 0x000000061c000000|100%| O|  |TAMS 0x000000061be00000, 0x000000061be00000| Untracked 
|  74|0x000000061c000000, 0x000000061c200000, 0x000000061c200000|100%| O|  |TAMS 0x000000061c000000, 0x000000061c000000| Untracked 
|  75|0x000000061c200000, 0x000000061c400000, 0x000000061c400000|100%| O|  |TAMS 0x000000061c200000, 0x000000061c200000| Untracked 
|  76|0x000000061c400000, 0x000000061c600000, 0x000000061c600000|100%| O|  |TAMS 0x000000061c400000, 0x000000061c400000| Untracked 
|  77|0x000000061c600000, 0x000000061c800000, 0x000000061c800000|100%| O|  |TAMS 0x000000061c600000, 0x000000061c600000| Untracked 
|  78|0x000000061c800000, 0x000000061ca00000, 0x000000061ca00000|100%| O|  |TAMS 0x000000061c800000, 0x000000061c800000| Untracked 
|  79|0x000000061ca00000, 0x000000061cc00000, 0x000000061cc00000|100%| O|  |TAMS 0x000000061ca00000, 0x000000061ca00000| Untracked 
|  80|0x000000061cc00000, 0x000000061ce00000, 0x000000061ce00000|100%| O|  |TAMS 0x000000061cc00000, 0x000000061cc00000| Untracked 
|  81|0x000000061ce00000, 0x000000061d000000, 0x000000061d000000|100%| O|  |TAMS 0x000000061ce00000, 0x000000061ce00000| Untracked 
|  82|0x000000061d000000, 0x000000061d200000, 0x000000061d200000|100%| O|  |TAMS 0x000000061d000000, 0x000000061d000000| Untracked 
|  83|0x000000061d200000, 0x000000061d400000, 0x000000061d400000|100%| O|  |TAMS 0x000000061d200000, 0x000000061d200000| Untracked 
|  84|0x000000061d400000, 0x000000061d600000, 0x000000061d600000|100%| O|  |TAMS 0x000000061d400000, 0x000000061d400000| Untracked 
|  85|0x000000061d600000, 0x000000061d800000, 0x000000061d800000|100%| O|  |TAMS 0x000000061d600000, 0x000000061d600000| Untracked 
|  86|0x000000061d800000, 0x000000061da00000, 0x000000061da00000|100%| O|  |TAMS 0x000000061d800000, 0x000000061d800000| Untracked 
|  87|0x000000061da00000, 0x000000061dc00000, 0x000000061dc00000|100%| O|  |TAMS 0x000000061da00000, 0x000000061da00000| Untracked 
|  88|0x000000061dc00000, 0x000000061de00000, 0x000000061de00000|100%| O|  |TAMS 0x000000061dc00000, 0x000000061dc00000| Untracked 
|  89|0x000000061de00000, 0x000000061e000000, 0x000000061e000000|100%| O|  |TAMS 0x000000061de00000, 0x000000061de00000| Untracked 
|  90|0x000000061e000000, 0x000000061e200000, 0x000000061e200000|100%| O|  |TAMS 0x000000061e000000, 0x000000061e000000| Untracked 
|  91|0x000000061e200000, 0x000000061e400000, 0x000000061e400000|100%| O|  |TAMS 0x000000061e200000, 0x000000061e200000| Untracked 
|  92|0x000000061e400000, 0x000000061e600000, 0x000000061e600000|100%| O|  |TAMS 0x000000061e400000, 0x000000061e400000| Untracked 
|  93|0x000000061e600000, 0x000000061e800000, 0x000000061e800000|100%| O|  |TAMS 0x000000061e600000, 0x000000061e600000| Untracked 
|  94|0x000000061e800000, 0x000000061ea00000, 0x000000061ea00000|100%| O|  |TAMS 0x000000061e800000, 0x000000061e800000| Untracked 
|  95|0x000000061ea00000, 0x000000061ec00000, 0x000000061ec00000|100%| O|  |TAMS 0x000000061ea00000, 0x000000061ea00000| Untracked 
|  96|0x000000061ec00000, 0x000000061ee00000, 0x000000061ee00000|100%| O|  |TAMS 0x000000061ec00000, 0x000000061ec00000| Untracked 
|  97|0x000000061ee00000, 0x000000061f000000, 0x000000061f000000|100%| O|  |TAMS 0x000000061ee00000, 0x000000061ee00000| Untracked 
|  98|0x000000061f000000, 0x000000061f200000, 0x000000061f200000|100%| O|  |TAMS 0x000000061f000000, 0x000000061f000000| Untracked 
|  99|0x000000061f200000, 0x000000061f400000, 0x000000061f400000|100%| O|  |TAMS 0x000000061f200000, 0x000000061f200000| Untracked 
| 100|0x000000061f400000, 0x000000061f600000, 0x000000061f600000|100%| O|  |TAMS 0x000000061f400000, 0x000000061f400000| Untracked 
| 101|0x000000061f600000, 0x000000061f800000, 0x000000061f800000|100%| O|  |TAMS 0x000000061f600000, 0x000000061f600000| Untracked 
| 102|0x000000061f800000, 0x000000061f995000, 0x000000061fa00000| 79%| O|  |TAMS 0x000000061f800000, 0x000000061f800000| Untracked 
| 103|0x000000061fa00000, 0x000000061fa00000, 0x000000061fc00000|  0%| F|  |TAMS 0x000000061fa00000, 0x000000061fa00000| Untracked 
| 104|0x000000061fc00000, 0x000000061fc00000, 0x000000061fe00000|  0%| F|  |TAMS 0x000000061fc00000, 0x000000061fc00000| Untracked 
| 105|0x000000061fe00000, 0x000000061fe00000, 0x0000000620000000|  0%| F|  |TAMS 0x000000061fe00000, 0x000000061fe00000| Untracked 
| 106|0x0000000620000000, 0x0000000620000000, 0x0000000620200000|  0%| F|  |TAMS 0x0000000620000000, 0x0000000620000000| Untracked 
| 107|0x0000000620200000, 0x0000000620200000, 0x0000000620400000|  0%| F|  |TAMS 0x0000000620200000, 0x0000000620200000| Untracked 
| 108|0x0000000620400000, 0x0000000620400000, 0x0000000620600000|  0%| F|  |TAMS 0x0000000620400000, 0x0000000620400000| Untracked 
| 109|0x0000000620600000, 0x0000000620600000, 0x0000000620800000|  0%| F|  |TAMS 0x0000000620600000, 0x0000000620600000| Untracked 
| 110|0x0000000620800000, 0x0000000620800000, 0x0000000620a00000|  0%| F|  |TAMS 0x0000000620800000, 0x0000000620800000| Untracked 
| 111|0x0000000620a00000, 0x0000000620a00000, 0x0000000620c00000|  0%| F|  |TAMS 0x0000000620a00000, 0x0000000620a00000| Untracked 
| 112|0x0000000620c00000, 0x0000000620c00000, 0x0000000620e00000|  0%| F|  |TAMS 0x0000000620c00000, 0x0000000620c00000| Untracked 
| 113|0x0000000620e00000, 0x0000000620e00000, 0x0000000621000000|  0%| F|  |TAMS 0x0000000620e00000, 0x0000000620e00000| Untracked 
| 114|0x0000000621000000, 0x0000000621000000, 0x0000000621200000|  0%| F|  |TAMS 0x0000000621000000, 0x0000000621000000| Untracked 
| 115|0x0000000621200000, 0x0000000621200000, 0x0000000621400000|  0%| F|  |TAMS 0x0000000621200000, 0x0000000621200000| Untracked 
| 116|0x0000000621400000, 0x0000000621400000, 0x0000000621600000|  0%| F|  |TAMS 0x0000000621400000, 0x0000000621400000| Untracked 
| 117|0x0000000621600000, 0x0000000621600000, 0x0000000621800000|  0%| F|  |TAMS 0x0000000621600000, 0x0000000621600000| Untracked 
| 118|0x0000000621800000, 0x0000000621800000, 0x0000000621a00000|  0%| F|  |TAMS 0x0000000621800000, 0x0000000621800000| Untracked 
| 119|0x0000000621a00000, 0x0000000621a00000, 0x0000000621c00000|  0%| F|  |TAMS 0x0000000621a00000, 0x0000000621a00000| Untracked 
| 120|0x0000000621c00000, 0x0000000621c00000, 0x0000000621e00000|  0%| F|  |TAMS 0x0000000621c00000, 0x0000000621c00000| Untracked 
| 121|0x0000000621e00000, 0x0000000621e00000, 0x0000000622000000|  0%| F|  |TAMS 0x0000000621e00000, 0x0000000621e00000| Untracked 
| 122|0x0000000622000000, 0x0000000622000000, 0x0000000622200000|  0%| F|  |TAMS 0x0000000622000000, 0x0000000622000000| Untracked 
| 123|0x0000000622200000, 0x0000000622200000, 0x0000000622400000|  0%| F|  |TAMS 0x0000000622200000, 0x0000000622200000| Untracked 
| 124|0x0000000622400000, 0x0000000622400000, 0x0000000622600000|  0%| F|  |TAMS 0x0000000622400000, 0x0000000622400000| Untracked 
| 125|0x0000000622600000, 0x0000000622600000, 0x0000000622800000|  0%| F|  |TAMS 0x0000000622600000, 0x0000000622600000| Untracked 
| 126|0x0000000622800000, 0x0000000622800000, 0x0000000622a00000|  0%| F|  |TAMS 0x0000000622800000, 0x0000000622800000| Untracked 
| 127|0x0000000622a00000, 0x0000000622a00000, 0x0000000622c00000|  0%| F|  |TAMS 0x0000000622a00000, 0x0000000622a00000| Untracked 
| 128|0x0000000622c00000, 0x0000000622c00000, 0x0000000622e00000|  0%| F|  |TAMS 0x0000000622c00000, 0x0000000622c00000| Untracked 
| 129|0x0000000622e00000, 0x0000000622e00000, 0x0000000623000000|  0%| F|  |TAMS 0x0000000622e00000, 0x0000000622e00000| Untracked 
| 130|0x0000000623000000, 0x0000000623000000, 0x0000000623200000|  0%| F|  |TAMS 0x0000000623000000, 0x0000000623000000| Untracked 
| 131|0x0000000623200000, 0x0000000623200000, 0x0000000623400000|  0%| F|  |TAMS 0x0000000623200000, 0x0000000623200000| Untracked 
| 132|0x0000000623400000, 0x0000000623400000, 0x0000000623600000|  0%| F|  |TAMS 0x0000000623400000, 0x0000000623400000| Untracked 
| 133|0x0000000623600000, 0x0000000623600000, 0x0000000623800000|  0%| F|  |TAMS 0x0000000623600000, 0x0000000623600000| Untracked 
| 134|0x0000000623800000, 0x0000000623800000, 0x0000000623a00000|  0%| F|  |TAMS 0x0000000623800000, 0x0000000623800000| Untracked 
| 135|0x0000000623a00000, 0x0000000623a00000, 0x0000000623c00000|  0%| F|  |TAMS 0x0000000623a00000, 0x0000000623a00000| Untracked 
| 136|0x0000000623c00000, 0x0000000623c00000, 0x0000000623e00000|  0%| F|  |TAMS 0x0000000623c00000, 0x0000000623c00000| Untracked 
| 137|0x0000000623e00000, 0x0000000623e00000, 0x0000000624000000|  0%| F|  |TAMS 0x0000000623e00000, 0x0000000623e00000| Untracked 
| 138|0x0000000624000000, 0x0000000624000000, 0x0000000624200000|  0%| F|  |TAMS 0x0000000624000000, 0x0000000624000000| Untracked 
| 139|0x0000000624200000, 0x0000000624200000, 0x0000000624400000|  0%| F|  |TAMS 0x0000000624200000, 0x0000000624200000| Untracked 
| 140|0x0000000624400000, 0x0000000624400000, 0x0000000624600000|  0%| F|  |TAMS 0x0000000624400000, 0x0000000624400000| Untracked 
| 141|0x0000000624600000, 0x0000000624600000, 0x0000000624800000|  0%| F|  |TAMS 0x0000000624600000, 0x0000000624600000| Untracked 
| 142|0x0000000624800000, 0x0000000624800000, 0x0000000624a00000|  0%| F|  |TAMS 0x0000000624800000, 0x0000000624800000| Untracked 
| 143|0x0000000624a00000, 0x0000000624a00000, 0x0000000624c00000|  0%| F|  |TAMS 0x0000000624a00000, 0x0000000624a00000| Untracked 
| 144|0x0000000624c00000, 0x0000000624c00000, 0x0000000624e00000|  0%| F|  |TAMS 0x0000000624c00000, 0x0000000624c00000| Untracked 
| 145|0x0000000624e00000, 0x0000000624e00000, 0x0000000625000000|  0%| F|  |TAMS 0x0000000624e00000, 0x0000000624e00000| Untracked 
| 146|0x0000000625000000, 0x00000006251dc658, 0x0000000625200000| 93%| S|CS|TAMS 0x0000000625000000, 0x0000000625000000| Complete 
| 147|0x0000000625200000, 0x0000000625400000, 0x0000000625400000|100%| S|CS|TAMS 0x0000000625200000, 0x0000000625200000| Complete 
| 148|0x0000000625400000, 0x0000000625600000, 0x0000000625600000|100%| S|CS|TAMS 0x0000000625400000, 0x0000000625400000| Complete 
| 149|0x0000000625600000, 0x0000000625600000, 0x0000000625800000|  0%| F|  |TAMS 0x0000000625600000, 0x0000000625600000| Untracked 
| 150|0x0000000625800000, 0x0000000625800000, 0x0000000625a00000|  0%| F|  |TAMS 0x0000000625800000, 0x0000000625800000| Untracked 
| 151|0x0000000625a00000, 0x0000000625a00000, 0x0000000625c00000|  0%| F|  |TAMS 0x0000000625a00000, 0x0000000625a00000| Untracked 
| 152|0x0000000625c00000, 0x0000000625c00000, 0x0000000625e00000|  0%| F|  |TAMS 0x0000000625c00000, 0x0000000625c00000| Untracked 
| 153|0x0000000625e00000, 0x0000000625e00000, 0x0000000626000000|  0%| F|  |TAMS 0x0000000625e00000, 0x0000000625e00000| Untracked 
| 154|0x0000000626000000, 0x0000000626000000, 0x0000000626200000|  0%| F|  |TAMS 0x0000000626000000, 0x0000000626000000| Untracked 
| 155|0x0000000626200000, 0x0000000626200000, 0x0000000626400000|  0%| F|  |TAMS 0x0000000626200000, 0x0000000626200000| Untracked 
| 156|0x0000000626400000, 0x0000000626400000, 0x0000000626600000|  0%| F|  |TAMS 0x0000000626400000, 0x0000000626400000| Untracked 
| 157|0x0000000626600000, 0x0000000626600000, 0x0000000626800000|  0%| F|  |TAMS 0x0000000626600000, 0x0000000626600000| Untracked 
| 158|0x0000000626800000, 0x0000000626800000, 0x0000000626a00000|  0%| F|  |TAMS 0x0000000626800000, 0x0000000626800000| Untracked 
| 159|0x0000000626a00000, 0x0000000626a00000, 0x0000000626c00000|  0%| F|  |TAMS 0x0000000626a00000, 0x0000000626a00000| Untracked 
| 160|0x0000000626c00000, 0x0000000626c00000, 0x0000000626e00000|  0%| F|  |TAMS 0x0000000626c00000, 0x0000000626c00000| Untracked 
| 161|0x0000000626e00000, 0x0000000626e00000, 0x0000000627000000|  0%| F|  |TAMS 0x0000000626e00000, 0x0000000626e00000| Untracked 
| 162|0x0000000627000000, 0x0000000627000000, 0x0000000627200000|  0%| F|  |TAMS 0x0000000627000000, 0x0000000627000000| Untracked 
| 163|0x0000000627200000, 0x0000000627200000, 0x0000000627400000|  0%| F|  |TAMS 0x0000000627200000, 0x0000000627200000| Untracked 
| 164|0x0000000627400000, 0x0000000627600000, 0x0000000627600000|100%| S|CS|TAMS 0x0000000627400000, 0x0000000627400000| Complete 
| 165|0x0000000627600000, 0x0000000627800000, 0x0000000627800000|100%| S|CS|TAMS 0x0000000627600000, 0x0000000627600000| Complete 
| 166|0x0000000627800000, 0x0000000627a00000, 0x0000000627a00000|100%| S|CS|TAMS 0x0000000627800000, 0x0000000627800000| Complete 
| 167|0x0000000627a00000, 0x0000000627c00000, 0x0000000627c00000|100%| S|CS|TAMS 0x0000000627a00000, 0x0000000627a00000| Complete 
| 168|0x0000000627c00000, 0x0000000627e00000, 0x0000000627e00000|100%| S|CS|TAMS 0x0000000627c00000, 0x0000000627c00000| Complete 
| 169|0x0000000627e00000, 0x0000000627e00000, 0x0000000628000000|  0%| F|  |TAMS 0x0000000627e00000, 0x0000000627e00000| Untracked 
| 170|0x0000000628000000, 0x0000000628000000, 0x0000000628200000|  0%| F|  |TAMS 0x0000000628000000, 0x0000000628000000| Untracked 
| 171|0x0000000628200000, 0x0000000628200000, 0x0000000628400000|  0%| F|  |TAMS 0x0000000628200000, 0x0000000628200000| Untracked 
| 172|0x0000000628400000, 0x0000000628400000, 0x0000000628600000|  0%| F|  |TAMS 0x0000000628400000, 0x0000000628400000| Untracked 
| 173|0x0000000628600000, 0x0000000628600000, 0x0000000628800000|  0%| F|  |TAMS 0x0000000628600000, 0x0000000628600000| Untracked 
| 174|0x0000000628800000, 0x0000000628800000, 0x0000000628a00000|  0%| F|  |TAMS 0x0000000628800000, 0x0000000628800000| Untracked 
| 175|0x0000000628a00000, 0x0000000628a00000, 0x0000000628c00000|  0%| F|  |TAMS 0x0000000628a00000, 0x0000000628a00000| Untracked 
| 176|0x0000000628c00000, 0x0000000628c00000, 0x0000000628e00000|  0%| F|  |TAMS 0x0000000628c00000, 0x0000000628c00000| Untracked 
| 177|0x0000000628e00000, 0x0000000628e00000, 0x0000000629000000|  0%| F|  |TAMS 0x0000000628e00000, 0x0000000628e00000| Untracked 
| 178|0x0000000629000000, 0x0000000629000000, 0x0000000629200000|  0%| F|  |TAMS 0x0000000629000000, 0x0000000629000000| Untracked 
| 179|0x0000000629200000, 0x0000000629200000, 0x0000000629400000|  0%| F|  |TAMS 0x0000000629200000, 0x0000000629200000| Untracked 
| 180|0x0000000629400000, 0x0000000629400000, 0x0000000629600000|  0%| F|  |TAMS 0x0000000629400000, 0x0000000629400000| Untracked 
| 181|0x0000000629600000, 0x0000000629600000, 0x0000000629800000|  0%| F|  |TAMS 0x0000000629600000, 0x0000000629600000| Untracked 
| 182|0x0000000629800000, 0x0000000629800000, 0x0000000629a00000|  0%| F|  |TAMS 0x0000000629800000, 0x0000000629800000| Untracked 
| 183|0x0000000629a00000, 0x0000000629a00000, 0x0000000629c00000|  0%| F|  |TAMS 0x0000000629a00000, 0x0000000629a00000| Untracked 
| 184|0x0000000629c00000, 0x0000000629c00000, 0x0000000629e00000|  0%| F|  |TAMS 0x0000000629c00000, 0x0000000629c00000| Untracked 
| 185|0x0000000629e00000, 0x0000000629e00000, 0x000000062a000000|  0%| F|  |TAMS 0x0000000629e00000, 0x0000000629e00000| Untracked 
| 186|0x000000062a000000, 0x000000062a000000, 0x000000062a200000|  0%| F|  |TAMS 0x000000062a000000, 0x000000062a000000| Untracked 
| 187|0x000000062a200000, 0x000000062a200000, 0x000000062a400000|  0%| F|  |TAMS 0x000000062a200000, 0x000000062a200000| Untracked 
| 188|0x000000062a400000, 0x000000062a400000, 0x000000062a600000|  0%| F|  |TAMS 0x000000062a400000, 0x000000062a400000| Untracked 
| 189|0x000000062a600000, 0x000000062a600000, 0x000000062a800000|  0%| F|  |TAMS 0x000000062a600000, 0x000000062a600000| Untracked 
| 190|0x000000062a800000, 0x000000062a800000, 0x000000062aa00000|  0%| F|  |TAMS 0x000000062a800000, 0x000000062a800000| Untracked 
| 191|0x000000062aa00000, 0x000000062aa00000, 0x000000062ac00000|  0%| F|  |TAMS 0x000000062aa00000, 0x000000062aa00000| Untracked 
| 192|0x000000062ac00000, 0x000000062ac00000, 0x000000062ae00000|  0%| F|  |TAMS 0x000000062ac00000, 0x000000062ac00000| Untracked 
| 193|0x000000062ae00000, 0x000000062af69c58, 0x000000062b000000| 70%| E|  |TAMS 0x000000062ae00000, 0x000000062ae00000| Complete 
| 194|0x000000062b000000, 0x000000062b200000, 0x000000062b200000|100%| E|CS|TAMS 0x000000062b000000, 0x000000062b000000| Complete 
| 195|0x000000062b200000, 0x000000062b400000, 0x000000062b400000|100%| E|CS|TAMS 0x000000062b200000, 0x000000062b200000| Complete 
| 196|0x000000062b400000, 0x000000062b600000, 0x000000062b600000|100%| E|CS|TAMS 0x000000062b400000, 0x000000062b400000| Complete 
| 197|0x000000062b600000, 0x000000062b800000, 0x000000062b800000|100%| E|CS|TAMS 0x000000062b600000, 0x000000062b600000| Complete 
| 198|0x000000062b800000, 0x000000062ba00000, 0x000000062ba00000|100%| E|CS|TAMS 0x000000062b800000, 0x000000062b800000| Complete 
| 199|0x000000062ba00000, 0x000000062bc00000, 0x000000062bc00000|100%| E|CS|TAMS 0x000000062ba00000, 0x000000062ba00000| Complete 
| 200|0x000000062bc00000, 0x000000062be00000, 0x000000062be00000|100%| E|CS|TAMS 0x000000062bc00000, 0x000000062bc00000| Complete 
| 201|0x000000062be00000, 0x000000062c000000, 0x000000062c000000|100%| E|CS|TAMS 0x000000062be00000, 0x000000062be00000| Complete 
| 202|0x000000062c000000, 0x000000062c200000, 0x000000062c200000|100%| E|CS|TAMS 0x000000062c000000, 0x000000062c000000| Complete 
| 203|0x000000062c200000, 0x000000062c400000, 0x000000062c400000|100%| E|CS|TAMS 0x000000062c200000, 0x000000062c200000| Complete 
| 204|0x000000062c400000, 0x000000062c600000, 0x000000062c600000|100%| E|CS|TAMS 0x000000062c400000, 0x000000062c400000| Complete 
| 205|0x000000062c600000, 0x000000062c800000, 0x000000062c800000|100%| E|CS|TAMS 0x000000062c600000, 0x000000062c600000| Complete 
| 206|0x000000062c800000, 0x000000062ca00000, 0x000000062ca00000|100%| E|  |TAMS 0x000000062c800000, 0x000000062c800000| Complete 
| 207|0x000000062ca00000, 0x000000062cc00000, 0x000000062cc00000|100%| E|CS|TAMS 0x000000062ca00000, 0x000000062ca00000| Complete 
| 208|0x000000062cc00000, 0x000000062ce00000, 0x000000062ce00000|100%| E|CS|TAMS 0x000000062cc00000, 0x000000062cc00000| Complete 
| 209|0x000000062ce00000, 0x000000062d000000, 0x000000062d000000|100%| E|CS|TAMS 0x000000062ce00000, 0x000000062ce00000| Complete 
| 210|0x000000062d000000, 0x000000062d200000, 0x000000062d200000|100%| E|CS|TAMS 0x000000062d000000, 0x000000062d000000| Complete 
| 211|0x000000062d200000, 0x000000062d400000, 0x000000062d400000|100%| E|CS|TAMS 0x000000062d200000, 0x000000062d200000| Complete 
| 212|0x000000062d400000, 0x000000062d600000, 0x000000062d600000|100%| E|CS|TAMS 0x000000062d400000, 0x000000062d400000| Complete 
| 213|0x000000062d600000, 0x000000062d800000, 0x000000062d800000|100%| E|CS|TAMS 0x000000062d600000, 0x000000062d600000| Complete 
| 214|0x000000062d800000, 0x000000062da00000, 0x000000062da00000|100%| E|CS|TAMS 0x000000062d800000, 0x000000062d800000| Complete 
| 215|0x000000062da00000, 0x000000062dc00000, 0x000000062dc00000|100%| E|CS|TAMS 0x000000062da00000, 0x000000062da00000| Complete 
| 216|0x000000062dc00000, 0x000000062de00000, 0x000000062de00000|100%| E|CS|TAMS 0x000000062dc00000, 0x000000062dc00000| Complete 
| 217|0x000000062de00000, 0x000000062e000000, 0x000000062e000000|100%| E|CS|TAMS 0x000000062de00000, 0x000000062de00000| Complete 
| 218|0x000000062e000000, 0x000000062e200000, 0x000000062e200000|100%| E|CS|TAMS 0x000000062e000000, 0x000000062e000000| Complete 
| 219|0x000000062e200000, 0x000000062e400000, 0x000000062e400000|100%| E|CS|TAMS 0x000000062e200000, 0x000000062e200000| Complete 
| 220|0x000000062e400000, 0x000000062e600000, 0x000000062e600000|100%| E|CS|TAMS 0x000000062e400000, 0x000000062e400000| Complete 
| 221|0x000000062e600000, 0x000000062e800000, 0x000000062e800000|100%| E|CS|TAMS 0x000000062e600000, 0x000000062e600000| Complete 
| 222|0x000000062e800000, 0x000000062ea00000, 0x000000062ea00000|100%| E|CS|TAMS 0x000000062e800000, 0x000000062e800000| Complete 
| 223|0x000000062ea00000, 0x000000062ec00000, 0x000000062ec00000|100%| E|CS|TAMS 0x000000062ea00000, 0x000000062ea00000| Complete 
| 224|0x000000062ec00000, 0x000000062ee00000, 0x000000062ee00000|100%| E|CS|TAMS 0x000000062ec00000, 0x000000062ec00000| Complete 
| 225|0x000000062ee00000, 0x000000062f000000, 0x000000062f000000|100%| E|CS|TAMS 0x000000062ee00000, 0x000000062ee00000| Complete 
| 226|0x000000062f000000, 0x000000062f200000, 0x000000062f200000|100%| E|CS|TAMS 0x000000062f000000, 0x000000062f000000| Complete 
| 227|0x000000062f200000, 0x000000062f400000, 0x000000062f400000|100%| E|CS|TAMS 0x000000062f200000, 0x000000062f200000| Complete 
| 228|0x000000062f400000, 0x000000062f600000, 0x000000062f600000|100%| E|CS|TAMS 0x000000062f400000, 0x000000062f400000| Complete 
| 229|0x000000062f600000, 0x000000062f800000, 0x000000062f800000|100%| E|CS|TAMS 0x000000062f600000, 0x000000062f600000| Complete 
| 230|0x000000062f800000, 0x000000062fa00000, 0x000000062fa00000|100%| E|CS|TAMS 0x000000062f800000, 0x000000062f800000| Complete 
| 231|0x000000062fa00000, 0x000000062fc00000, 0x000000062fc00000|100%| E|CS|TAMS 0x000000062fa00000, 0x000000062fa00000| Complete 
| 232|0x000000062fc00000, 0x000000062fe00000, 0x000000062fe00000|100%| E|CS|TAMS 0x000000062fc00000, 0x000000062fc00000| Complete 
| 233|0x000000062fe00000, 0x0000000630000000, 0x0000000630000000|100%| E|CS|TAMS 0x000000062fe00000, 0x000000062fe00000| Complete 
| 234|0x0000000630000000, 0x0000000630200000, 0x0000000630200000|100%| E|CS|TAMS 0x0000000630000000, 0x0000000630000000| Complete 
| 235|0x0000000630200000, 0x0000000630400000, 0x0000000630400000|100%| E|CS|TAMS 0x0000000630200000, 0x0000000630200000| Complete 
| 236|0x0000000630400000, 0x0000000630600000, 0x0000000630600000|100%| E|CS|TAMS 0x0000000630400000, 0x0000000630400000| Complete 
| 237|0x0000000630600000, 0x0000000630800000, 0x0000000630800000|100%| E|CS|TAMS 0x0000000630600000, 0x0000000630600000| Complete 
| 238|0x0000000630800000, 0x0000000630a00000, 0x0000000630a00000|100%| E|CS|TAMS 0x0000000630800000, 0x0000000630800000| Complete 
| 239|0x0000000630a00000, 0x0000000630c00000, 0x0000000630c00000|100%| E|CS|TAMS 0x0000000630a00000, 0x0000000630a00000| Complete 
| 240|0x0000000630c00000, 0x0000000630e00000, 0x0000000630e00000|100%| E|CS|TAMS 0x0000000630c00000, 0x0000000630c00000| Complete 
| 241|0x0000000630e00000, 0x0000000631000000, 0x0000000631000000|100%| E|CS|TAMS 0x0000000630e00000, 0x0000000630e00000| Complete 
| 242|0x0000000631000000, 0x0000000631200000, 0x0000000631200000|100%| E|CS|TAMS 0x0000000631000000, 0x0000000631000000| Complete 
| 243|0x0000000631200000, 0x0000000631400000, 0x0000000631400000|100%| E|CS|TAMS 0x0000000631200000, 0x0000000631200000| Complete 
| 244|0x0000000631400000, 0x0000000631600000, 0x0000000631600000|100%| E|CS|TAMS 0x0000000631400000, 0x0000000631400000| Complete 
| 245|0x0000000631600000, 0x0000000631800000, 0x0000000631800000|100%| E|CS|TAMS 0x0000000631600000, 0x0000000631600000| Complete 
| 246|0x0000000631800000, 0x0000000631a00000, 0x0000000631a00000|100%| E|CS|TAMS 0x0000000631800000, 0x0000000631800000| Complete 
| 247|0x0000000631a00000, 0x0000000631c00000, 0x0000000631c00000|100%| E|CS|TAMS 0x0000000631a00000, 0x0000000631a00000| Complete 
| 248|0x0000000631c00000, 0x0000000631e00000, 0x0000000631e00000|100%| E|CS|TAMS 0x0000000631c00000, 0x0000000631c00000| Complete 
| 249|0x0000000631e00000, 0x0000000632000000, 0x0000000632000000|100%| E|CS|TAMS 0x0000000631e00000, 0x0000000631e00000| Complete 
| 250|0x0000000632000000, 0x0000000632200000, 0x0000000632200000|100%| E|CS|TAMS 0x0000000632000000, 0x0000000632000000| Complete 
| 251|0x0000000632200000, 0x0000000632400000, 0x0000000632400000|100%| E|CS|TAMS 0x0000000632200000, 0x0000000632200000| Complete 
| 252|0x0000000632400000, 0x0000000632600000, 0x0000000632600000|100%| E|CS|TAMS 0x0000000632400000, 0x0000000632400000| Complete 
| 253|0x0000000632600000, 0x0000000632800000, 0x0000000632800000|100%| E|CS|TAMS 0x0000000632600000, 0x0000000632600000| Complete 
| 254|0x0000000632800000, 0x0000000632a00000, 0x0000000632a00000|100%| E|CS|TAMS 0x0000000632800000, 0x0000000632800000| Complete 
| 255|0x0000000632a00000, 0x0000000632c00000, 0x0000000632c00000|100%| E|CS|TAMS 0x0000000632a00000, 0x0000000632a00000| Complete 
| 256|0x0000000632c00000, 0x0000000632e00000, 0x0000000632e00000|100%| E|CS|TAMS 0x0000000632c00000, 0x0000000632c00000| Complete 
| 257|0x0000000632e00000, 0x0000000633000000, 0x0000000633000000|100%| E|CS|TAMS 0x0000000632e00000, 0x0000000632e00000| Complete 
| 258|0x0000000633000000, 0x0000000633200000, 0x0000000633200000|100%| E|CS|TAMS 0x0000000633000000, 0x0000000633000000| Complete 
| 259|0x0000000633200000, 0x0000000633400000, 0x0000000633400000|100%| E|CS|TAMS 0x0000000633200000, 0x0000000633200000| Complete 
| 260|0x0000000633400000, 0x0000000633600000, 0x0000000633600000|100%| E|CS|TAMS 0x0000000633400000, 0x0000000633400000| Complete 
| 261|0x0000000633600000, 0x0000000633800000, 0x0000000633800000|100%| E|CS|TAMS 0x0000000633600000, 0x0000000633600000| Complete 
| 262|0x0000000633800000, 0x0000000633a00000, 0x0000000633a00000|100%| E|CS|TAMS 0x0000000633800000, 0x0000000633800000| Complete 
| 263|0x0000000633a00000, 0x0000000633c00000, 0x0000000633c00000|100%| E|CS|TAMS 0x0000000633a00000, 0x0000000633a00000| Complete 
| 264|0x0000000633c00000, 0x0000000633e00000, 0x0000000633e00000|100%| E|CS|TAMS 0x0000000633c00000, 0x0000000633c00000| Complete 
| 265|0x0000000633e00000, 0x0000000634000000, 0x0000000634000000|100%| E|CS|TAMS 0x0000000633e00000, 0x0000000633e00000| Complete 
| 266|0x0000000634000000, 0x0000000634200000, 0x0000000634200000|100%| E|CS|TAMS 0x0000000634000000, 0x0000000634000000| Complete 
| 267|0x0000000634200000, 0x0000000634400000, 0x0000000634400000|100%| E|CS|TAMS 0x0000000634200000, 0x0000000634200000| Complete 
| 268|0x0000000634400000, 0x0000000634600000, 0x0000000634600000|100%| E|CS|TAMS 0x0000000634400000, 0x0000000634400000| Complete 
| 269|0x0000000634600000, 0x0000000634800000, 0x0000000634800000|100%| E|CS|TAMS 0x0000000634600000, 0x0000000634600000| Complete 
| 270|0x0000000634800000, 0x0000000634a00000, 0x0000000634a00000|100%| E|CS|TAMS 0x0000000634800000, 0x0000000634800000| Complete 
| 271|0x0000000634a00000, 0x0000000634c00000, 0x0000000634c00000|100%| E|CS|TAMS 0x0000000634a00000, 0x0000000634a00000| Complete 
| 272|0x0000000634c00000, 0x0000000634e00000, 0x0000000634e00000|100%| E|CS|TAMS 0x0000000634c00000, 0x0000000634c00000| Complete 
| 273|0x0000000634e00000, 0x0000000635000000, 0x0000000635000000|100%| E|CS|TAMS 0x0000000634e00000, 0x0000000634e00000| Complete 
| 274|0x0000000635000000, 0x0000000635200000, 0x0000000635200000|100%| E|CS|TAMS 0x0000000635000000, 0x0000000635000000| Complete 
| 275|0x0000000635200000, 0x0000000635400000, 0x0000000635400000|100%| E|CS|TAMS 0x0000000635200000, 0x0000000635200000| Complete 
| 276|0x0000000635400000, 0x0000000635600000, 0x0000000635600000|100%| E|CS|TAMS 0x0000000635400000, 0x0000000635400000| Complete 
| 277|0x0000000635600000, 0x0000000635800000, 0x0000000635800000|100%| E|CS|TAMS 0x0000000635600000, 0x0000000635600000| Complete 
| 278|0x0000000635800000, 0x0000000635a00000, 0x0000000635a00000|100%| E|CS|TAMS 0x0000000635800000, 0x0000000635800000| Complete 
| 279|0x0000000635a00000, 0x0000000635c00000, 0x0000000635c00000|100%| E|CS|TAMS 0x0000000635a00000, 0x0000000635a00000| Complete 
| 280|0x0000000635c00000, 0x0000000635e00000, 0x0000000635e00000|100%| E|CS|TAMS 0x0000000635c00000, 0x0000000635c00000| Complete 
| 281|0x0000000635e00000, 0x0000000636000000, 0x0000000636000000|100%| E|CS|TAMS 0x0000000635e00000, 0x0000000635e00000| Complete 
| 282|0x0000000636000000, 0x0000000636200000, 0x0000000636200000|100%| E|CS|TAMS 0x0000000636000000, 0x0000000636000000| Complete 
| 283|0x0000000636200000, 0x0000000636400000, 0x0000000636400000|100%| E|CS|TAMS 0x0000000636200000, 0x0000000636200000| Complete 
| 284|0x0000000636400000, 0x0000000636600000, 0x0000000636600000|100%| E|CS|TAMS 0x0000000636400000, 0x0000000636400000| Complete 
| 285|0x0000000636600000, 0x0000000636800000, 0x0000000636800000|100%| E|CS|TAMS 0x0000000636600000, 0x0000000636600000| Complete 
| 286|0x0000000636800000, 0x0000000636a00000, 0x0000000636a00000|100%| E|CS|TAMS 0x0000000636800000, 0x0000000636800000| Complete 
| 287|0x0000000636a00000, 0x0000000636c00000, 0x0000000636c00000|100%| E|CS|TAMS 0x0000000636a00000, 0x0000000636a00000| Complete 
| 288|0x0000000636c00000, 0x0000000636e00000, 0x0000000636e00000|100%| E|CS|TAMS 0x0000000636c00000, 0x0000000636c00000| Complete 
| 289|0x0000000636e00000, 0x0000000637000000, 0x0000000637000000|100%| E|CS|TAMS 0x0000000636e00000, 0x0000000636e00000| Complete 
| 290|0x0000000637000000, 0x0000000637200000, 0x0000000637200000|100%| E|CS|TAMS 0x0000000637000000, 0x0000000637000000| Complete 
| 291|0x0000000637200000, 0x0000000637400000, 0x0000000637400000|100%| E|CS|TAMS 0x0000000637200000, 0x0000000637200000| Complete 
| 292|0x0000000637400000, 0x0000000637600000, 0x0000000637600000|100%| E|CS|TAMS 0x0000000637400000, 0x0000000637400000| Complete 
| 293|0x0000000637600000, 0x0000000637800000, 0x0000000637800000|100%| E|CS|TAMS 0x0000000637600000, 0x0000000637600000| Complete 
| 294|0x0000000637800000, 0x0000000637a00000, 0x0000000637a00000|100%| E|CS|TAMS 0x0000000637800000, 0x0000000637800000| Complete 
| 295|0x0000000637a00000, 0x0000000637c00000, 0x0000000637c00000|100%| E|CS|TAMS 0x0000000637a00000, 0x0000000637a00000| Complete 
| 296|0x0000000637c00000, 0x0000000637e00000, 0x0000000637e00000|100%| E|CS|TAMS 0x0000000637c00000, 0x0000000637c00000| Complete 

Card table byte_map: [0x000001c15e3a0000,0x000001c15f310000] _byte_map_base: 0x000001c15b30a000

Marking Bits (Prev, Next): (CMBitMap*) 0x000001c14657fdc0, (CMBitMap*) 0x000001c14657fd88
 Prev Bits: [0x000001c167dd0000, 0x000001c16f920000)
 Next Bits: [0x000001c160280000, 0x000001c167dd0000)

Polling page: 0x000001c144280000

Metaspace:

Usage:
  Non-class:    161.29 MB capacity,   152.60 MB ( 95%) used,     8.26 MB (  5%) free+waste,   443.13 KB ( <1%) overhead. 
      Class:     25.80 MB capacity,    21.45 MB ( 83%) used,     4.12 MB ( 16%) free+waste,   227.38 KB ( <1%) overhead. 
       Both:    187.09 MB capacity,   174.05 MB ( 93%) used,    12.38 MB (  7%) free+waste,   670.50 KB ( <1%) overhead. 

Virtual space:
  Non-class space:      162.00 MB reserved,     161.32 MB (>99%) committed 
      Class space:        1.00 GB reserved,      25.91 MB (  3%) committed 
             Both:        1.16 GB reserved,     187.23 MB ( 16%) committed 

Chunk freelists:
   Non-Class:  256 bytes
       Class:  0 bytes
        Both:  256 bytes

CodeHeap 'non-profiled nmethods': size=119168Kb used=18712Kb max_used=19400Kb free=100455Kb
 bounds [0x000001c155750000, 0x000001c156a50000, 0x000001c15cbb0000]
CodeHeap 'profiled nmethods': size=119168Kb used=48873Kb max_used=51061Kb free=70294Kb
 bounds [0x000001c14e2f0000, 0x000001c1514f0000, 0x000001c155750000]
CodeHeap 'non-nmethods': size=7424Kb used=1483Kb max_used=3324Kb free=5940Kb
 bounds [0x000001c14dbb0000, 0x000001c14df50000, 0x000001c14e2f0000]
 total_blobs=21535 nmethods=20697 adapters=756
 compilation: enabled
              stopped_count=0, restarted_count=0
 full_count=0

Compilation events (10 events):
Event: 4729.761 Thread 0x000001c173429800 23945       3       jdk.internal.math.FloatingDecimal$BinaryToASCIIBuffer::developLongDigits (304 bytes)
Event: 4729.762 Thread 0x000001c173429800 nmethod 23945 0x000001c14e353b90 code [0x000001c14e353da0, 0x000001c14e3546d8]
Event: 4729.777 Thread 0x000001c173429800 23947   !   3       org.jboss.as.ejb3.suspend.EJBSuspendHandlerService::transactionCreated (50 bytes)
Event: 4729.779 Thread 0x000001c173429800 nmethod 23947 0x000001c14e40b510 code [0x000001c14e40b820, 0x000001c14e40cad8]
Event: 4729.780 Thread 0x000001c173429800 23948   !   3       org.wildfly.transaction.client.ContextTransactionManager::commit (51 bytes)
Event: 4729.780 Thread 0x000001c173429800 nmethod 23948 0x000001c14e346310 code [0x000001c14e346500, 0x000001c14e346a48]
Event: 4729.780 Thread 0x000001c173429800 23949       3       org.wildfly.transaction.client.SimpleXid::equals (60 bytes)
Event: 4729.781 Thread 0x000001c173429800 nmethod 23949 0x000001c14e335010 code [0x000001c14e3351c0, 0x000001c14e335498]
Event: 4729.807 Thread 0x000001c1733cb000 nmethod 23931 0x000001c155a43e10 code [0x000001c155a442c0, 0x000001c155a48668]
Event: 4729.807 Thread 0x000001c1733cb000 23935       4       org.apache.xerces.impl.XMLEntityScanner::skipString (207 bytes)

GC Heap History (10 events):
Event: 37.986 GC heap before
{Heap before GC invocations=24 (full 0):
 garbage-first heap   total 505856K, used 411934K [0x0000000612c00000, 0x0000000800000000)
  region size 2048K, 119 young (243712K), 13 survivors (26624K)
 Metaspace       used 155950K, capacity 168840K, committed 169064K, reserved 1193984K
  class space    used 19944K, capacity 24006K, committed 24096K, reserved 1048576K
}
Event: 38.005 GC heap after
{Heap after GC invocations=25 (full 0):
 garbage-first heap   total 505856K, used 205109K [0x0000000612c00000, 0x0000000800000000)
  region size 2048K, 11 young (22528K), 11 survivors (22528K)
 Metaspace       used 155950K, capacity 168840K, committed 169064K, reserved 1193984K
  class space    used 19944K, capacity 24006K, committed 24096K, reserved 1048576K
}
Event: 38.286 GC heap before
{Heap before GC invocations=25 (full 0):
 garbage-first heap   total 505856K, used 416053K [0x0000000612c00000, 0x0000000800000000)
  region size 2048K, 115 young (235520K), 11 survivors (22528K)
 Metaspace       used 155953K, capacity 168840K, committed 169064K, reserved 1193984K
  class space    used 19944K, capacity 24006K, committed 24096K, reserved 1048576K
}
Event: 38.296 GC heap after
{Heap after GC invocations=26 (full 0):
 garbage-first heap   total 505856K, used 205515K [0x0000000612c00000, 0x0000000800000000)
  region size 2048K, 5 young (10240K), 5 survivors (10240K)
 Metaspace       used 155953K, capacity 168840K, committed 169064K, reserved 1193984K
  class space    used 19944K, capacity 24006K, committed 24096K, reserved 1048576K
}
Event: 39.134 GC heap before
{Heap before GC invocations=26 (full 0):
 garbage-first heap   total 505856K, used 422603K [0x0000000612c00000, 0x0000000800000000)
  region size 2048K, 111 young (227328K), 5 survivors (10240K)
 Metaspace       used 157318K, capacity 170286K, committed 170472K, reserved 1196032K
  class space    used 20105K, capacity 24167K, committed 24224K, reserved 1048576K
}
Event: 39.145 GC heap after
{Heap after GC invocations=27 (full 0):
 garbage-first heap   total 608256K, used 212500K [0x0000000612c00000, 0x0000000800000000)
  region size 2048K, 8 young (16384K), 8 survivors (16384K)
 Metaspace       used 157318K, capacity 170286K, committed 170472K, reserved 1196032K
  class space    used 20105K, capacity 24167K, committed 24224K, reserved 1048576K
}
Event: 316.892 GC heap before
{Heap before GC invocations=27 (full 0):
 garbage-first heap   total 608256K, used 484884K [0x0000000612c00000, 0x0000000800000000)
  region size 2048K, 141 young (288768K), 8 survivors (16384K)
 Metaspace       used 166086K, capacity 179172K, committed 179304K, reserved 1204224K
  class space    used 21128K, capacity 25363K, committed 25376K, reserved 1048576K
}
Event: 316.909 GC heap after
{Heap after GC invocations=28 (full 0):
 garbage-first heap   total 608256K, used 225881K [0x0000000612c00000, 0x0000000800000000)
  region size 2048K, 15 young (30720K), 15 survivors (30720K)
 Metaspace       used 166086K, capacity 179172K, committed 179304K, reserved 1204224K
  class space    used 21128K, capacity 25363K, committed 25376K, reserved 1048576K
}
Event: 3882.771 GC heap before
{Heap before GC invocations=28 (full 0):
 garbage-first heap   total 608256K, used 485977K [0x0000000612c00000, 0x0000000800000000)
  region size 2048K, 143 young (292864K), 15 survivors (30720K)
 Metaspace       used 176557K, capacity 189841K, committed 190056K, reserved 1212416K
  class space    used 21907K, capacity 26324K, committed 26400K, reserved 1048576K
}
Event: 3882.786 GC heap after
{Heap after GC invocations=29 (full 0):
 garbage-first heap   total 608256K, used 226757K [0x0000000612c00000, 0x0000000800000000)
  region size 2048K, 8 young (16384K), 8 survivors (16384K)
 Metaspace       used 176557K, capacity 189841K, committed 190056K, reserved 1212416K
  class space    used 21907K, capacity 26324K, committed 26400K, reserved 1048576K
}

Deoptimization events (10 events):
Event: 4677.704 Thread 0x000001c17adaf000 Uncommon trap: reason=unstable_if action=reinterpret pc=0x000001c15699c668 method=org.jboss.as.weld.interceptors.Jsr299BindingsInterceptor.processInvocation(Lorg/jboss/invocation/InterceptorContext;)Ljava/lang/Object; @ 46 c2
Event: 4677.709 Thread 0x000001c17adaf000 Uncommon trap: reason=unstable_if action=reinterpret pc=0x000001c1569efe98 method=java.io.BufferedWriter.min(II)I @ 2 c2
Event: 4677.709 Thread 0x000001c17adaf000 Uncommon trap: reason=unstable_if action=reinterpret pc=0x000001c155db0998 method=sun.nio.cs.SingleByte$Encoder.encodeArrayLoop(Ljava/nio/CharBuffer;Ljava/nio/ByteBuffer;)Ljava/nio/charset/CoderResult; @ 211 c2
Event: 4677.709 Thread 0x000001c17adaf000 Uncommon trap: reason=unstable_if action=reinterpret pc=0x000001c1569f1d40 method=java.nio.charset.CoderResult.isOverflow()Z @ 5 c2
Event: 4677.709 Thread 0x000001c17adaf000 Uncommon trap: reason=unstable_if action=reinterpret pc=0x000001c155eca65c method=java.nio.charset.CoderResult.isUnderflow()Z @ 4 c2
Event: 4677.710 Thread 0x000001c17adaf000 Uncommon trap: reason=unstable_if action=reinterpret pc=0x000001c156a0823c method=java.nio.charset.CoderResult.isOverflow()Z @ 5 c2
Event: 4677.710 Thread 0x000001c17adaf000 Uncommon trap: reason=unstable_if action=reinterpret pc=0x000001c156a0ab50 method=java.nio.charset.CoderResult.isUnderflow()Z @ 4 c2
Event: 4677.710 Thread 0x000001c17adaf000 Uncommon trap: reason=unstable_if action=reinterpret pc=0x000001c156a0b384 method=java.nio.charset.CoderResult.isUnderflow()Z @ 4 c2
Event: 4677.710 Thread 0x000001c17adaf000 Uncommon trap: reason=unstable_if action=reinterpret pc=0x000001c156a09f48 method=java.io.BufferedWriter.min(II)I @ 2 c2
Event: 4677.712 Thread 0x000001c17adaf000 Uncommon trap: reason=unstable_if action=reinterpret pc=0x000001c155865668 method=java.util.Hashtable.remove(Ljava/lang/Object;)Ljava/lang/Object; @ 30 c2

Classes redefined (10 events):
Event: 4396.493 Thread 0x000001c173389000 redefined class name=org.unhcr.osmosys.daos.StatementDao, count=1
Event: 4396.688 Thread 0x000001c173389000 redefined class name=org.unhcr.osmosys.daos.StatementDao, count=1
Event: 4396.878 Thread 0x000001c173389000 redefined class name=org.unhcr.osmosys.services.dataImport.StatementImportService, count=12
Event: 4397.074 Thread 0x000001c173389000 redefined class name=org.unhcr.osmosys.services.dataImport.StatementImportService, count=12
Event: 4397.271 Thread 0x000001c173389000 redefined class name=org.unhcr.osmosys.services.StatementService, count=1
Event: 4397.487 Thread 0x000001c173389000 redefined class name=org.unhcr.osmosys.services.StatementService, count=1
Event: 4669.193 Thread 0x000001c173389000 redefined class name=org.unhcr.osmosys.daos.StatementDao, count=2
Event: 4669.388 Thread 0x000001c173389000 redefined class name=org.unhcr.osmosys.daos.StatementDao, count=2
Event: 4726.746 Thread 0x000001c173389000 redefined class name=org.unhcr.osmosys.daos.StatementDao, count=3
Event: 4726.939 Thread 0x000001c173389000 redefined class name=org.unhcr.osmosys.daos.StatementDao, count=3

Internal exceptions (10 events):
Event: 4729.753 Thread 0x000001c17adaf000 Exception <a 'sun/nio/fs/WindowsException'{0x000000062b54c550}> (0x000000062b54c550) thrown at [./open/src/hotspot/share/prims/jni.cpp, line 611]
Event: 4729.754 Thread 0x000001c17adaf000 Exception <a 'sun/nio/fs/WindowsException'{0x000000062b54ca60}> (0x000000062b54ca60) thrown at [./open/src/hotspot/share/prims/jni.cpp, line 611]
Event: 4729.757 Thread 0x000001c17adaf000 Exception <a 'sun/nio/fs/WindowsException'{0x000000062b584ed0}> (0x000000062b584ed0) thrown at [./open/src/hotspot/share/prims/jni.cpp, line 611]
Event: 4729.757 Thread 0x000001c17adaf000 Exception <a 'sun/nio/fs/WindowsException'{0x000000062b5853e0}> (0x000000062b5853e0) thrown at [./open/src/hotspot/share/prims/jni.cpp, line 611]
Event: 4729.762 Thread 0x000001c17adaf000 Exception <a 'sun/nio/fs/WindowsException'{0x000000062b2b4d70}> (0x000000062b2b4d70) thrown at [./open/src/hotspot/share/prims/jni.cpp, line 611]
Event: 4729.762 Thread 0x000001c17adaf000 Exception <a 'sun/nio/fs/WindowsException'{0x000000062b2b5280}> (0x000000062b2b5280) thrown at [./open/src/hotspot/share/prims/jni.cpp, line 611]
Event: 4729.763 Thread 0x000001c17adaf000 Exception <a 'sun/nio/fs/WindowsException'{0x000000062b2e82c0}> (0x000000062b2e82c0) thrown at [./open/src/hotspot/share/prims/jni.cpp, line 611]
Event: 4729.763 Thread 0x000001c17adaf000 Exception <a 'sun/nio/fs/WindowsException'{0x000000062b2e87d0}> (0x000000062b2e87d0) thrown at [./open/src/hotspot/share/prims/jni.cpp, line 611]
Event: 4729.771 Thread 0x000001c17adaf000 Exception <a 'sun/nio/fs/WindowsException'{0x000000062aea7a88}> (0x000000062aea7a88) thrown at [./open/src/hotspot/share/prims/jni.cpp, line 611]
Event: 4729.771 Thread 0x000001c17adaf000 Exception <a 'sun/nio/fs/WindowsException'{0x000000062aea7f98}> (0x000000062aea7f98) thrown at [./open/src/hotspot/share/prims/jni.cpp, line 611]

Events (10 events):
Event: 4729.794 Thread 0x000001c17adaf000 DEOPT UNPACKING pc=0x000001c14dbebb5e sp=0x000000975dff70b0 mode 1
Event: 4729.795 Executing VM operation: ThreadsSuspendJVMTI
Event: 4729.795 Executing VM operation: ThreadsSuspendJVMTI done
Event: 4729.796 Executing VM operation: GetFrameCount
Event: 4729.797 Executing VM operation: GetFrameCount done
Event: 4729.797 Executing VM operation: GetFrameCount
Event: 4729.797 Executing VM operation: GetFrameCount done
Event: 4729.797 Executing VM operation: GetStackTrace
Event: 4729.797 Executing VM operation: GetStackTrace done
Event: 4729.807 Executing VM operation: GetOrSetLocal


Dynamic libraries:
0x00007ff6b0170000 - 0x00007ff6b017f000 	C:\Program Files\Java\jdk-11.0.16\bin\java.exe
0x00007fff2d390000 - 0x00007fff2d588000 	C:\Windows\SYSTEM32\ntdll.dll
0x00007fff2d270000 - 0x00007fff2d32f000 	C:\Windows\System32\KERNEL32.DLL
0x00007fff2abb0000 - 0x00007fff2ae82000 	C:\Windows\System32\KERNELBASE.dll
0x00007fff2aa80000 - 0x00007fff2ab80000 	C:\Windows\System32\ucrtbase.dll
0x00007ffee9ed0000 - 0x00007ffee9ee8000 	C:\Program Files\Java\jdk-11.0.16\bin\jli.dll
0x00007ffed7ac0000 - 0x00007ffed7ad5000 	C:\Program Files\Java\jdk-11.0.16\bin\VCRUNTIME140.dll
0x00007fff2c590000 - 0x00007fff2c63e000 	C:\Windows\System32\ADVAPI32.dll
0x00007fff2d1d0000 - 0x00007fff2d26e000 	C:\Windows\System32\msvcrt.dll
0x00007fff2b430000 - 0x00007fff2b4cc000 	C:\Windows\System32\sechost.dll
0x00007fff2c3b0000 - 0x00007fff2c4d5000 	C:\Windows\System32\RPCRT4.dll
0x00007fff2c640000 - 0x00007fff2c7e1000 	C:\Windows\System32\USER32.dll
0x00007fff2ab80000 - 0x00007fff2aba2000 	C:\Windows\System32\win32u.dll
0x00007fff20c30000 - 0x00007fff20eca000 	C:\Windows\WinSxS\amd64_microsoft.windows.common-controls_6595b64144ccf1df_6.0.19041.1110_none_60b5254171f9507e\COMCTL32.dll
0x00007fff2d020000 - 0x00007fff2d04b000 	C:\Windows\System32\GDI32.dll
0x00007fff2b0b0000 - 0x00007fff2b1bf000 	C:\Windows\System32\gdi32full.dll
0x00007fff2b1c0000 - 0x00007fff2b25d000 	C:\Windows\System32\msvcp_win.dll
0x00007fff1f040000 - 0x00007fff1f04a000 	C:\Windows\SYSTEM32\VERSION.dll
0x00007fff2b810000 - 0x00007fff2b842000 	C:\Windows\System32\IMM32.DLL
0x00007ffecbad0000 - 0x00007ffecbb6b000 	C:\Program Files\Java\jdk-11.0.16\bin\msvcp140.dll
0x00007ffec95c0000 - 0x00007ffeca0d8000 	C:\Program Files\Java\jdk-11.0.16\bin\server\jvm.dll
0x00007fff2cfb0000 - 0x00007fff2cfb8000 	C:\Windows\System32\PSAPI.DLL
0x00007fff27d90000 - 0x00007fff27db7000 	C:\Windows\SYSTEM32\WINMM.dll
0x00007fff14030000 - 0x00007fff14039000 	C:\Windows\SYSTEM32\WSOCK32.dll
0x00007fff2c7f0000 - 0x00007fff2c85b000 	C:\Windows\System32\WS2_32.dll
0x00007fff29180000 - 0x00007fff29192000 	C:\Windows\SYSTEM32\kernel.appcore.dll
0x00007fff21250000 - 0x00007fff21260000 	C:\Program Files\Java\jdk-11.0.16\bin\verify.dll
0x00007fff287c0000 - 0x00007fff289a4000 	C:\Windows\SYSTEM32\DBGHELP.DLL
0x00007fff27d50000 - 0x00007fff27d85000 	C:\Windows\SYSTEM32\dbgcore.DLL
0x00007fff2b310000 - 0x00007fff2b392000 	C:\Windows\System32\bcryptPrimitives.dll
0x00007ffed5cf0000 - 0x00007ffed5d18000 	C:\Program Files\Java\jdk-11.0.16\bin\java.dll
0x00007ffee9ec0000 - 0x00007ffee9eca000 	C:\Program Files\Java\jdk-11.0.16\bin\jimage.dll
0x00007fff1a830000 - 0x00007fff1a868000 	C:\Program Files\Java\jdk-11.0.16\bin\jdwp.dll
0x00007fff255a0000 - 0x00007fff255ae000 	C:\Program Files\Java\jdk-11.0.16\bin\instrument.dll
0x00007ffed5cd0000 - 0x00007ffed5ce6000 	C:\Program Files\Java\jdk-11.0.16\bin\zip.dll
0x00007fff2c860000 - 0x00007fff2cfa4000 	C:\Windows\System32\SHELL32.dll
0x00007fff289d0000 - 0x00007fff29162000 	C:\Windows\SYSTEM32\windows.storage.dll
0x00007fff2c050000 - 0x00007fff2c3a5000 	C:\Windows\System32\combase.dll
0x00007fff2a400000 - 0x00007fff2a430000 	C:\Windows\SYSTEM32\Wldp.dll
0x00007fff2d120000 - 0x00007fff2d1cd000 	C:\Windows\System32\SHCORE.dll
0x00007fff2bf50000 - 0x00007fff2bfa5000 	C:\Windows\System32\shlwapi.dll
0x00007fff2a9c0000 - 0x00007fff2a9df000 	C:\Windows\SYSTEM32\profapi.dll
0x00007fff21f90000 - 0x00007fff21f9a000 	C:\Program Files\Java\jdk-11.0.16\bin\dt_socket.dll
0x00007fff2a1e0000 - 0x00007fff2a24a000 	C:\Windows\system32\mswsock.dll
0x00007ffec9580000 - 0x00007ffec9599000 	C:\Program Files\Java\jdk-11.0.16\bin\net.dll
0x00007fff29a30000 - 0x00007fff29b3c000 	C:\Windows\SYSTEM32\WINHTTP.dll
0x00007ffec9560000 - 0x00007ffec9572000 	C:\Program Files\Java\jdk-11.0.16\bin\nio.dll
0x00007ffed7ae0000 - 0x00007ffed7ae9000 	C:\Program Files\Java\jdk-11.0.16\bin\management.dll
0x00007ffec90b0000 - 0x00007ffec90bb000 	C:\Program Files\Java\jdk-11.0.16\bin\management_ext.dll
0x00007ffed7af0000 - 0x00007ffed7afd000 	C:\Program Files\Java\jdk-11.0.16\bin\sunmscapi.dll
0x00007fff2aee0000 - 0x00007fff2b036000 	C:\Windows\System32\CRYPT32.dll
0x00007fff2a550000 - 0x00007fff2a577000 	C:\Windows\SYSTEM32\ncrypt.dll
0x00007fff2a510000 - 0x00007fff2a54b000 	C:\Windows\SYSTEM32\NTASN1.dll
0x00007ffec8b70000 - 0x00007ffec8b95000 	C:\Program Files\Java\jdk-11.0.16\bin\sunec.dll
0x00007fff29ea0000 - 0x00007fff29edb000 	C:\Windows\SYSTEM32\IPHLPAPI.DLL
0x00007fff2b4d0000 - 0x00007fff2b4d8000 	C:\Windows\System32\NSI.dll
0x00007fff22690000 - 0x00007fff226a7000 	C:\Windows\SYSTEM32\dhcpcsvc6.DLL
0x00007fff22670000 - 0x00007fff2268d000 	C:\Windows\SYSTEM32\dhcpcsvc.DLL
0x00007fff29ee0000 - 0x00007fff29faa000 	C:\Windows\SYSTEM32\DNSAPI.dll
0x00007fff2a440000 - 0x00007fff2a458000 	C:\Windows\SYSTEM32\CRYPTSP.dll
0x00007fff299a0000 - 0x00007fff299d4000 	C:\Windows\system32\rsaenh.dll
0x00007fff2b3a0000 - 0x00007fff2b3c7000 	C:\Windows\System32\bcrypt.dll
0x00007fff2a980000 - 0x00007fff2a9ae000 	C:\Windows\SYSTEM32\USERENV.dll
0x00007fff2a370000 - 0x00007fff2a37c000 	C:\Windows\SYSTEM32\CRYPTBASE.dll
0x00007fff21c80000 - 0x00007fff21c8a000 	C:\Windows\System32\rasadhlp.dll
0x00007fff1f800000 - 0x00007fff1f880000 	C:\Windows\System32\fwpuclnt.dll
0x00007fff0e520000 - 0x00007fff0e537000 	C:\Windows\system32\napinsp.dll
0x00007fff09b00000 - 0x00007fff09b1b000 	C:\Windows\system32\pnrpnsp.dll
0x00007fff24ac0000 - 0x00007fff24ad5000 	C:\Windows\system32\wshbth.dll
0x00007fff25b50000 - 0x00007fff25b6d000 	C:\Windows\system32\NLAapi.dll
0x00007fff09ae0000 - 0x00007fff09af2000 	C:\Windows\System32\winrnr.dll
0x00007fff29bd0000 - 0x00007fff29c03000 	C:\Windows\SYSTEM32\ntmarta.dll

dbghelp: loaded successfully - version: 4.0.5 - missing functions: none
symbol engine: initialized successfully - sym options: 0x614 - pdb path: .;C:\Program Files\Java\jdk-11.0.16\bin;C:\Windows\SYSTEM32;C:\Windows\WinSxS\amd64_microsoft.windows.common-controls_6595b64144ccf1df_6.0.19041.1110_none_60b5254171f9507e;C:\Program Files\Java\jdk-11.0.16\bin\server

VM Arguments:
jvm_args: -Dprogram.name=standalone.bat -agentlib:jdwp=transport=dt_socket,address=127.0.0.1:56823,suspend=y,server=n -javaagent:C:\Users\SALAZART\AppData\Local\JetBrains\IntelliJIdea2022.2\captureAgent\debugger-agent.jar --add-exports=java.base/sun.nio.ch=ALL-UNNAMED --add-exports=jdk.unsupported/sun.misc=ALL-UNNAMED --add-exports=jdk.unsupported/sun.reflect=ALL-UNNAMED -Dorg.jboss.boot.log.file=D:\proyectos\OSMOSYS_2023\wildfly-17.0.1.Final\standalone\log\server.log -Dlogging.configuration=file:D:\proyectos\OSMOSYS_2023\wildfly-17.0.1.Final\standalone\configuration/logging.properties 
java_command: D:\proyectos\OSMOSYS_2023\wildfly-17.0.1.Final\jboss-modules.jar -mp D:\proyectos\OSMOSYS_2023\wildfly-17.0.1.Final\modules org.jboss.as.standalone -Djboss.home.dir=D:\proyectos\OSMOSYS_2023\wildfly-17.0.1.Final
java_class_path (initial): D:\proyectos\OSMOSYS_2023\wildfly-17.0.1.Final\jboss-modules.jar
Launcher Type: SUN_STANDARD

[Global flags]
     intx CICompilerCount                          = 12                                        {product} {ergonomic}
     uint ConcGCThreads                            = 3                                         {product} {ergonomic}
     uint G1ConcRefinementThreads                  = 13                                        {product} {ergonomic}
   size_t G1HeapRegionSize                         = 2097152                                   {product} {ergonomic}
    uintx GCDrainStackTargetSize                   = 64                                        {product} {ergonomic}
   size_t InitialHeapSize                          = 517996544                                 {product} {ergonomic}
   size_t MarkStackSize                            = 4194304                                   {product} {ergonomic}
   size_t MaxHeapSize                              = 8275361792                                {product} {ergonomic}
   size_t MaxNewSize                               = 4963958784                                {product} {ergonomic}
   size_t MinHeapDeltaBytes                        = 2097152                                   {product} {ergonomic}
    uintx NonNMethodCodeHeapSize                   = 7594288                                {pd product} {ergonomic}
    uintx NonProfiledCodeHeapSize                  = 122031976                              {pd product} {ergonomic}
    uintx ProfiledCodeHeapSize                     = 122031976                              {pd product} {ergonomic}
    uintx ReservedCodeCacheSize                    = 251658240                              {pd product} {ergonomic}
     bool SegmentedCodeCache                       = true                                      {product} {ergonomic}
     bool UseCompressedClassPointers               = true                                 {lp64_product} {ergonomic}
     bool UseCompressedOops                        = true                                 {lp64_product} {ergonomic}
     bool UseG1GC                                  = true                                      {product} {ergonomic}
     bool UseLargePagesIndividualAllocation        = false                                  {pd product} {ergonomic}

Logging:
Log output configuration:
 #0: stdout all=warning uptime,level,tags
 #1: stderr all=off uptime,level,tags

Environment Variables:
JAVA_HOME=C:\Program Files\Java\jdk-11.0.16
CLASSPATH=
PATH=C:\Python310\Scripts\;C:\Python310\;C:\Program Files\Common Files\Oracle\Java\javapath;C:\Windows\system32;C:\Windows;C:\Windows\System32\Wbem;C:\Windows\System32\WindowsPowerShell\v1.0\;C:\Windows\System32\OpenSSH\;C:\ProgramData\chocolatey\bin;C:\Program Files\TortoiseGit\bin;C:\Program Files\Git\cmd;C:\Program Files\PuTTY\;C:\Program Files\nodejs\;C:\Program Files\Meld\;C:\Users\SALAZART\AppData\Local\Microsoft\WindowsApps;C:\Program Files\JetBrains\IntelliJ IDEA 2022.2.3\bin;;C:\Program Files\JetBrains\WebStorm 2022.2.3\bin;;C:\Users\SALAZART\AppData\Local\GitHubDesktop\bin;C:\Users\SALAZART\AppData\Roaming\npm
USERNAME=SALAZART
OS=Windows_NT
PROCESSOR_IDENTIFIER=AMD64 Family 25 Model 80 Stepping 0, AuthenticAMD



---------------  S Y S T E M  ---------------

OS: Windows 10 , 64 bit Build 19041 (10.0.19041.2364)
Hyper-V role detected

CPU:total 16 (initial active 16) (16 cores per cpu, 2 threads per core) family 25 model 80 stepping 0 microcode 0x0, cmov, cx8, fxsr, mmx, sse, sse2, sse3, ssse3, sse4.1, sse4.2, popcnt, avx, avx2, aes, clmul, erms, mmxext, 3dnowpref, lzcnt, sse4a, ht, tsc, tscinvbit, tscinv, bmi1, bmi2,

Memory: 4k page, system-wide physical 31566M (16162M free)
TotalPageFile size 40270M (AvailPageFile size 13574M)
current process WorkingSet (physical memory assigned to process): 749M, peak: 1107M
current process commit charge ("private bytes"): 1183M, peak: 1192M

vm_info: Java HotSpot(TM) 64-Bit Server VM (11.0.16+11-LTS-199) for windows-amd64 JRE (11.0.16+11-LTS-199), built on Jun 28 2022 08:23:17 by "mach5one" with MS VC++ 15.9 (VS2017)

END.
